{"meta": {"format": 3, "version": "7.8.0", "timestamp": "2026-09-14T11:25:48.267616", "branch_coverage": true, "show_contexts": false}, "files": {"soxspipe/__init__.py": {"executed_lines": [1, 2, 3, 4, 5], "summary": {"covered_lines": 5, "num_statements": 5, "percent_covered": 100.0, "percent_covered_display": "100.00", "missing_lines": 0, "excluded_lines": 0, "num_branches": 0, "num_partial_branches": 0, "covered_branches": 0, "missing_branches": 0}, "missing_lines": [], "excluded_lines": [], "executed_branches": [], "missing_branches": [], "functions": {"": {"executed_lines": [1, 2, 3, 4, 5], "summary": {"covered_lines": 5, "num_statements": 5, "percent_covered": 100.0, "percent_covered_display": "100.00", "missing_lines": 0, "excluded_lines": 0, "num_branches": 0, "num_partial_branches": 0, "covered_branches": 0, "missing_branches": 0}, "missing_lines": [], "excluded_lines": [], "executed_branches": [], "missing_branches": []}}, "classes": {"": {"executed_lines": [1, 2, 3, 4, 5], "summary": {"covered_lines": 5, "num_statements": 5, "percent_covered": 100.0, "percent_covered_display": "100.00", "missing_lines": 0, "excluded_lines": 0, "num_branches": 0, "num_partial_branches": 0, "covered_branches": 0, "missing_branches": 0}, "missing_lines": [], "excluded_lines": [], "executed_branches": [], "missing_branches": []}}}, "soxspipe/cl_utils.py": {"executed_lines": [3, 72, 73, 74, 75, 76, 77, 78, 79, 80, 82, 85, 86, 89, 94, 95, 96, 98, 99, 101, 102, 105, 108, 109, 120, 121, 122, 123, 124, 125, 126, 127, 129, 131, 132, 133, 134, 135, 137, 138, 139, 140, 142, 150, 152, 153, 156, 157, 159, 164, 165, 166, 170, 171, 172, 173, 175, 176, 177, 180, 189, 190, 193, 220, 222, 224, 227, 229, 230, 232, 241, 243, 244, 246, 255, 257, 258, 260, 271, 272, 274, 285, 286, 288, 299, 300, 302, 311, 313, 314, 316, 325, 327, 328, 330, 339, 341, 342, 344, 353, 355, 356, 357, 359, 360, 362, 363, 365, 366, 368, 369, 371, 372, 374, 375, 377, 378, 380, 381, 382, 383, 384, 386, 389, 390, 392, 393, 394, 396, 398, 407, 408, 412, 413, 414, 418, 425, 430, 431, 432, 433, 438, 439, 440, 443, 444, 445, 448, 450, 451, 453, 454, 455, 457, 458, 460, 462, 463, 464, 467, 469, 471, 472, 478, 479, 481, 492, 493, 494, 496, 508, 510, 512, 514, 589, 591, 593, 601, 603, 604, 605, 607, 608, 609, 610, 611, 612, 615, 619, 620, 621, 623, 624, 625, 626, 628, 631], "summary": {"covered_lines": 196, "num_statements": 276, "percent_covered": 69.89795918367346, "percent_covered_display": "69.90", "missing_lines": 80, "excluded_lines": 0, "num_branches": 116, "num_partial_branches": 14, "covered_branches": 78, "missing_branches": 38}, "missing_lines": [110, 112, 113, 114, 115, 118, 160, 161, 178, 179, 196, 197, 198, 199, 200, 201, 202, 203, 204, 205, 206, 213, 214, 215, 216, 217, 218, 225, 473, 474, 475, 476, 497, 498, 499, 501, 503, 504, 505, 506, 515, 517, 518, 522, 524, 525, 528, 530, 531, 533, 535, 537, 538, 540, 541, 543, 544, 545, 547, 548, 549, 550, 551, 552, 553, 554, 556, 557, 558, 566, 568, 569, 571, 579, 581, 582, 583, 616, 617, 633], "excluded_lines": [], "executed_branches": [[99, 101], [99, 102], [108, 109], [108, 120], [109, 120], [120, 121], [131, 132], [131, 137], [137, 138], [137, 142], [139, 140], [171, 172], [171, 189], [172, 173], [172, 175], [177, 180], [193, 220], [224, 227], [229, 230], [229, 243], [243, 244], [243, 257], [257, 258], [257, 271], [271, 272], [271, 285], [285, 286], [285, 299], [299, 300], [299, 313], [313, 314], [313, 327], [327, 328], [327, 341], [341, 342], [341, 355], [355, 356], [355, 359], [359, 360], [359, 365], [365, 366], [365, 371], [371, 372], [371, 377], [377, 378], [377, 386], [381, 382], [381, 383], [383, 384], [386, 389], [386, 460], [393, 394], [407, 408], [407, 412], [430, 431], [430, 432], [432, 433], [432, 445], [443, 444], [460, 462], [460, 510], [463, 464], [463, 469], [471, 472], [478, 479], [478, 510], [492, 493], [496, 508], [607, 608], [607, 609], [609, 610], [609, 611], [611, 612], [611, 615], [615, 619], [623, 624], [623, 628], [631, -3]], "missing_branches": [[109, 110], [113, 114], [113, 120], [120, 142], [139, 142], [177, 178], [193, 196], [205, 206], [205, 213], [216, 217], [216, 218], [224, 225], [383, 386], [393, 460], [443, 432], [471, 473], [473, 474], [473, 475], [475, 476], [475, 478], [492, 494], [496, 497], [530, 531], [530, 533], [540, 541], [540, 568], [543, 544], [543, 568], [549, 550], [549, 551], [551, 552], [551, 553], [553, 554], [553, 556], [568, 569], [568, 581], [615, 616], [631, 633]], "functions": {"tab_complete": {"executed_lines": [86], "summary": {"covered_lines": 1, "num_statements": 1, "percent_covered": 100.0, "percent_covered_display": "100.00", "missing_lines": 0, "excluded_lines": 0, "num_branches": 0, "num_partial_branches": 0, "covered_branches": 0, "missing_branches": 0}, "missing_lines": [], "excluded_lines": [], "executed_branches": [], "missing_branches": []}, "main": {"executed_lines": [94, 95, 96, 98, 99, 101, 102, 105, 108, 109, 120, 121, 122, 123, 124, 125, 126, 127, 129, 131, 132, 133, 134, 135, 137, 138, 139, 140, 142, 150, 152, 153, 156, 157, 159, 164, 165, 166, 170, 171, 172, 173, 175, 176, 177, 180, 189, 190, 193, 220, 222, 224, 227, 229, 230, 232, 241, 243, 244, 246, 255, 257, 258, 260, 271, 272, 274, 285, 286, 288, 299, 300, 302, 311, 313, 314, 316, 325, 327, 328, 330, 339, 341, 342, 344, 353, 355, 356, 357, 359, 360, 362, 363, 365, 366, 368, 369, 371, 372, 374, 375, 377, 378, 380, 381, 382, 383, 384, 386, 389, 390, 392, 393, 394, 396, 398, 407, 408, 412, 413, 414, 418, 425, 430, 431, 432, 433, 438, 439, 440, 443, 444, 445, 448, 450, 451, 453, 454, 455, 457, 458, 460, 462, 463, 464, 467, 469, 471, 472, 478, 479, 481, 492, 493, 494, 496, 508, 510, 512, 514, 589, 591, 593, 601, 603, 604, 605, 607, 608, 609, 610, 611, 612, 615, 619, 620, 621, 623, 624, 625, 626, 628], "summary": {"covered_lines": 182, "num_statements": 224, "percent_covered": 79.93827160493827, "percent_covered_display": "79.94", "missing_lines": 42, "excluded_lines": 0, "num_branches": 100, "num_partial_branches": 13, "covered_branches": 77, "missing_branches": 23}, "missing_lines": [110, 112, 113, 114, 115, 118, 160, 161, 178, 179, 196, 197, 198, 199, 200, 201, 202, 203, 204, 205, 206, 213, 214, 215, 216, 217, 218, 225, 473, 474, 475, 476, 497, 498, 499, 501, 503, 504, 505, 506, 616, 617], "excluded_lines": [], "executed_branches": [[99, 101], [99, 102], [108, 109], [108, 120], [109, 120], [120, 121], [131, 132], [131, 137], [137, 138], [137, 142], [139, 140], [171, 172], [171, 189], [172, 173], [172, 175], [177, 180], [193, 220], [224, 227], [229, 230], [229, 243], [243, 244], [243, 257], [257, 258], [257, 271], [271, 272], [271, 285], [285, 286], [285, 299], [299, 300], [299, 313], [313, 314], [313, 327], [327, 328], [327, 341], [341, 342], [341, 355], [355, 356], [355, 359], [359, 360], [359, 365], [365, 366], [365, 371], [371, 372], [371, 377], [377, 378], [377, 386], [381, 382], [381, 383], [383, 384], [386, 389], [386, 460], [393, 394], [407, 408], [407, 412], [430, 431], [430, 432], [432, 433], [432, 445], [443, 444], [460, 462], [460, 510], [463, 464], [463, 469], [471, 472], [478, 479], [478, 510], [492, 493], [496, 508], [607, 608], [607, 609], [609, 610], [609, 611], [611, 612], [611, 615], [615, 619], [623, 624], [623, 628]], "missing_branches": [[109, 110], [113, 114], [113, 120], [120, 142], [139, 142], [177, 178], [193, 196], [205, 206], [205, 213], [216, 217], [216, 218], [224, 225], [383, 386], [393, 460], [443, 432], [471, 473], [473, 474], [473, 475], [475, 476], [475, 478], [492, 494], [496, 497], [615, 616]]}, "main.myDaemon.action": {"executed_lines": [], "summary": {"covered_lines": 0, "num_statements": 37, "percent_covered": 0.0, "percent_covered_display": "0.00", "missing_lines": 37, "excluded_lines": 0, "num_branches": 14, "num_partial_branches": 0, "covered_branches": 0, "missing_branches": 14}, "missing_lines": [515, 517, 518, 522, 524, 525, 528, 530, 531, 533, 535, 537, 538, 540, 541, 543, 544, 545, 547, 548, 549, 550, 551, 552, 553, 554, 556, 557, 558, 566, 568, 569, 571, 579, 581, 582, 583], "excluded_lines": [], "executed_branches": [], "missing_branches": [[530, 531], [530, 533], [540, 541], [540, 568], [543, 544], [543, 568], [549, 550], [549, 551], [551, 552], [551, 553], [553, 554], [553, 556], [568, 569], [568, 581]]}, "": {"executed_lines": [3, 72, 73, 74, 75, 76, 77, 78, 79, 80, 82, 85, 89, 631], "summary": {"covered_lines": 13, "num_statements": 14, "percent_covered": 87.5, "percent_covered_display": "87.50", "missing_lines": 1, "excluded_lines": 0, "num_branches": 2, "num_partial_branches": 1, "covered_branches": 1, "missing_branches": 1}, "missing_lines": [633], "excluded_lines": [], "executed_branches": [[631, -3]], "missing_branches": [[631, 633]]}}, "classes": {"main.myDaemon": {"executed_lines": [], "summary": {"covered_lines": 0, "num_statements": 37, "percent_covered": 0.0, "percent_covered_display": "0.00", "missing_lines": 37, "excluded_lines": 0, "num_branches": 14, "num_partial_branches": 0, "covered_branches": 0, "missing_branches": 14}, "missing_lines": [515, 517, 518, 522, 524, 525, 528, 530, 531, 533, 535, 537, 538, 540, 541, 543, 544, 545, 547, 548, 549, 550, 551, 552, 553, 554, 556, 557, 558, 566, 568, 569, 571, 579, 581, 582, 583], "excluded_lines": [], "executed_branches": [], "missing_branches": [[530, 531], [530, 533], [540, 541], [540, 568], [543, 544], [543, 568], [549, 550], [549, 551], [551, 552], [551, 553], [553, 554], [553, 556], [568, 569], [568, 581]]}, "": {"executed_lines": [3, 72, 73, 74, 75, 76, 77, 78, 79, 80, 82, 85, 86, 89, 94, 95, 96, 98, 99, 101, 102, 105, 108, 109, 120, 121, 122, 123, 124, 125, 126, 127, 129, 131, 132, 133, 134, 135, 137, 138, 139, 140, 142, 150, 152, 153, 156, 157, 159, 164, 165, 166, 170, 171, 172, 173, 175, 176, 177, 180, 189, 190, 193, 220, 222, 224, 227, 229, 230, 232, 241, 243, 244, 246, 255, 257, 258, 260, 271, 272, 274, 285, 286, 288, 299, 300, 302, 311, 313, 314, 316, 325, 327, 328, 330, 339, 341, 342, 344, 353, 355, 356, 357, 359, 360, 362, 363, 365, 366, 368, 369, 371, 372, 374, 375, 377, 378, 380, 381, 382, 383, 384, 386, 389, 390, 392, 393, 394, 396, 398, 407, 408, 412, 413, 414, 418, 425, 430, 431, 432, 433, 438, 439, 440, 443, 444, 445, 448, 450, 451, 453, 454, 455, 457, 458, 460, 462, 463, 464, 467, 469, 471, 472, 478, 479, 481, 492, 493, 494, 496, 508, 510, 512, 514, 589, 591, 593, 601, 603, 604, 605, 607, 608, 609, 610, 611, 612, 615, 619, 620, 621, 623, 624, 625, 626, 628, 631], "summary": {"covered_lines": 196, "num_statements": 239, "percent_covered": 80.35190615835778, "percent_covered_display": "80.35", "missing_lines": 43, "excluded_lines": 0, "num_branches": 102, "num_partial_branches": 14, "covered_branches": 78, "missing_branches": 24}, "missing_lines": [110, 112, 113, 114, 115, 118, 160, 161, 178, 179, 196, 197, 198, 199, 200, 201, 202, 203, 204, 205, 206, 213, 214, 215, 216, 217, 218, 225, 473, 474, 475, 476, 497, 498, 499, 501, 503, 504, 505, 506, 616, 617, 633], "excluded_lines": [], "executed_branches": [[99, 101], [99, 102], [108, 109], [108, 120], [109, 120], [120, 121], [131, 132], [131, 137], [137, 138], [137, 142], [139, 140], [171, 172], [171, 189], [172, 173], [172, 175], [177, 180], [193, 220], [224, 227], [229, 230], [229, 243], [243, 244], [243, 257], [257, 258], [257, 271], [271, 272], [271, 285], [285, 286], [285, 299], [299, 300], [299, 313], [313, 314], [313, 327], [327, 328], [327, 341], [341, 342], [341, 355], [355, 356], [355, 359], [359, 360], [359, 365], [365, 366], [365, 371], [371, 372], [371, 377], [377, 378], [377, 386], [381, 382], [381, 383], [383, 384], [386, 389], [386, 460], [393, 394], [407, 408], [407, 412], [430, 431], [430, 432], [432, 433], [432, 445], [443, 444], [460, 462], [460, 510], [463, 464], [463, 469], [471, 472], [478, 479], [478, 510], [492, 493], [496, 508], [607, 608], [607, 609], [609, 610], [609, 611], [611, 612], [611, 615], [615, 619], [623, 624], [623, 628], [631, -3]], "missing_branches": [[109, 110], [113, 114], [113, 120], [120, 142], [139, 142], [177, 178], [193, 196], [205, 206], [205, 213], [216, 217], [216, 218], [224, 225], [383, 386], [393, 460], [443, 432], [471, 473], [473, 474], [473, 475], [475, 476], [475, 478], [492, 494], [496, 497], [615, 616], [631, 633]]}}}, "soxspipe/commonutils/__init__.py": {"executed_lines": [1, 5, 6, 7, 8, 9, 10, 11, 12, 13, 14, 15, 16, 17, 18, 19, 20, 21, 22, 23, 24, 25, 26, 27], "summary": {"covered_lines": 23, "num_statements": 23, "percent_covered": 100.0, "percent_covered_display": "100.00", "missing_lines": 0, "excluded_lines": 0, "num_branches": 0, "num_partial_branches": 0, "covered_branches": 0, "missing_branches": 0}, "missing_lines": [], "excluded_lines": [], "executed_branches": [], "missing_branches": [], "functions": {"": {"executed_lines": [1, 5, 6, 7, 8, 9, 10, 11, 12, 13, 14, 15, 16, 17, 18, 19, 20, 21, 22, 23, 24, 25, 26, 27], "summary": {"covered_lines": 23, "num_statements": 23, "percent_covered": 100.0, "percent_covered_display": "100.00", "missing_lines": 0, "excluded_lines": 0, "num_branches": 0, "num_partial_branches": 0, "covered_branches": 0, "missing_branches": 0}, "missing_lines": [], "excluded_lines": [], "executed_branches": [], "missing_branches": []}}, "classes": {"": {"executed_lines": [1, 5, 6, 7, 8, 9, 10, 11, 12, 13, 14, 15, 16, 17, 18, 19, 20, 21, 22, 23, 24, 25, 26, 27], "summary": {"covered_lines": 23, "num_statements": 23, "percent_covered": 100.0, "percent_covered_display": "100.00", "missing_lines": 0, "excluded_lines": 0, "num_branches": 0, "num_partial_branches": 0, "covered_branches": 0, "missing_branches": 0}, "missing_lines": [], "excluded_lines": [], "executed_branches": [], "missing_branches": []}}}, "soxspipe/commonutils/base_util.py": {"executed_lines": [4, 13, 14, 15, 16, 17, 19, 20, 51, 59, 60, 61, 62, 63, 65, 66, 67, 68, 69, 70, 71, 72, 74, 75, 76, 77, 80, 83, 84, 85, 86, 87, 88, 89, 92, 97, 98, 99, 100, 102, 103, 105, 107, 117, 118, 126, 129, 130, 132, 133, 134, 139, 140, 142, 143, 144, 145, 147, 148, 150, 153, 154, 156, 166, 169], "summary": {"covered_lines": 63, "num_statements": 66, "percent_covered": 93.58974358974359, "percent_covered_display": "93.59", "missing_lines": 3, "excluded_lines": 0, "num_branches": 12, "num_partial_branches": 2, "covered_branches": 10, "missing_branches": 2}, "missing_lines": [135, 136, 137], "excluded_lines": [], "executed_branches": [[75, 76], [98, 99], [98, 102], [105, 107], [105, 117], [117, 118], [117, 129], [129, 130], [129, 169], [147, 148]], "missing_branches": [[75, 80], [147, 156]], "functions": {"base_util.__init__": {"executed_lines": [59, 60, 61, 62, 63, 65, 66, 67, 68, 69, 70, 71, 72, 74, 75, 76, 77, 80, 83, 84, 85, 86, 87, 88, 89, 92, 97, 98, 99, 100, 102, 103, 105, 107, 117, 118, 126, 129, 130, 132, 133, 134, 139, 140, 142, 143, 144, 145, 147, 148, 150, 153, 154, 156, 166, 169], "summary": {"covered_lines": 56, "num_statements": 59, "percent_covered": 92.95774647887323, "percent_covered_display": "92.96", "missing_lines": 3, "excluded_lines": 0, "num_branches": 12, "num_partial_branches": 2, "covered_branches": 10, "missing_branches": 2}, "missing_lines": [135, 136, 137], "excluded_lines": [], "executed_branches": [[75, 76], [98, 99], [98, 102], [105, 107], [105, 117], [117, 118], [117, 129], [129, 130], [129, 169], [147, 148]], "missing_branches": [[75, 80], [147, 156]]}, "": {"executed_lines": [4, 13, 14, 15, 16, 17, 19, 20, 51], "summary": {"covered_lines": 7, "num_statements": 7, "percent_covered": 100.0, "percent_covered_display": "100.00", "missing_lines": 0, "excluded_lines": 0, "num_branches": 0, "num_partial_branches": 0, "covered_branches": 0, "missing_branches": 0}, "missing_lines": [], "excluded_lines": [], "executed_branches": [], "missing_branches": []}}, "classes": {"base_util": {"executed_lines": [59, 60, 61, 62, 63, 65, 66, 67, 68, 69, 70, 71, 72, 74, 75, 76, 77, 80, 83, 84, 85, 86, 87, 88, 89, 92, 97, 98, 99, 100, 102, 103, 105, 107, 117, 118, 126, 129, 130, 132, 133, 134, 139, 140, 142, 143, 144, 145, 147, 148, 150, 153, 154, 156, 166, 169], "summary": {"covered_lines": 56, "num_statements": 59, "percent_covered": 92.95774647887323, "percent_covered_display": "92.96", "missing_lines": 3, "excluded_lines": 0, "num_branches": 12, "num_partial_branches": 2, "covered_branches": 10, "missing_branches": 2}, "missing_lines": [135, 136, 137], "excluded_lines": [], "executed_branches": [[75, 76], [98, 99], [98, 102], [105, 107], [105, 117], [117, 118], [117, 129], [129, 130], [129, 169], [147, 148]], "missing_branches": [[75, 80], [147, 156]]}, "": {"executed_lines": [4, 13, 14, 15, 16, 17, 19, 20, 51], "summary": {"covered_lines": 7, "num_statements": 7, "percent_covered": 100.0, "percent_covered_display": "100.00", "missing_lines": 0, "excluded_lines": 0, "num_branches": 0, "num_partial_branches": 0, "covered_branches": 0, "missing_branches": 0}, "missing_lines": [], "excluded_lines": [], "executed_branches": [], "missing_branches": []}}}, "soxspipe/commonutils/combiner.py": {"executed_lines": [3, 13, 14, 15, 16, 17, 19, 22, 24, 26, 27, 28, 30, 34, 35, 38, 43, 46], "summary": {"covered_lines": 17, "num_statements": 17, "percent_covered": 100.0, "percent_covered_display": "100.00", "missing_lines": 0, "excluded_lines": 0, "num_branches": 0, "num_partial_branches": 0, "covered_branches": 0, "missing_branches": 0}, "missing_lines": [], "excluded_lines": [], "executed_branches": [], "missing_branches": [], "functions": {"Combiner.average_combine": {"executed_lines": [26, 27, 28, 30, 34, 35, 38, 43, 46], "summary": {"covered_lines": 9, "num_statements": 9, "percent_covered": 100.0, "percent_covered_display": "100.00", "missing_lines": 0, "excluded_lines": 0, "num_branches": 0, "num_partial_branches": 0, "covered_branches": 0, "missing_branches": 0}, "missing_lines": [], "excluded_lines": [], "executed_branches": [], "missing_branches": []}, "": {"executed_lines": [3, 13, 14, 15, 16, 17, 19, 22, 24], "summary": {"covered_lines": 8, "num_statements": 8, "percent_covered": 100.0, "percent_covered_display": "100.00", "missing_lines": 0, "excluded_lines": 0, "num_branches": 0, "num_partial_branches": 0, "covered_branches": 0, "missing_branches": 0}, "missing_lines": [], "excluded_lines": [], "executed_branches": [], "missing_branches": []}}, "classes": {"Combiner": {"executed_lines": [26, 27, 28, 30, 34, 35, 38, 43, 46], "summary": {"covered_lines": 9, "num_statements": 9, "percent_covered": 100.0, "percent_covered_display": "100.00", "missing_lines": 0, "excluded_lines": 0, "num_branches": 0, "num_partial_branches": 0, "covered_branches": 0, "missing_branches": 0}, "missing_lines": [], "excluded_lines": [], "executed_branches": [], "missing_branches": []}, "": {"executed_lines": [3, 13, 14, 15, 16, 17, 19, 22, 24], "summary": {"covered_lines": 8, "num_statements": 8, "percent_covered": 100.0, "percent_covered_display": "100.00", "missing_lines": 0, "excluded_lines": 0, "num_branches": 0, "num_partial_branches": 0, "covered_branches": 0, "missing_branches": 0}, "missing_lines": [], "excluded_lines": [], "executed_branches": [], "missing_branches": []}}}, "soxspipe/commonutils/create_dispersion_map.py": {"executed_lines": [3, 33, 38, 41, 42, 43, 44, 45, 46, 47, 48, 49, 50, 51, 53, 56, 57, 100, 118, 119, 121, 122, 125, 144, 147, 150, 153, 156, 159, 162, 164, 166, 185, 186, 187, 188, 189, 190, 191, 192, 193, 194, 195, 196, 197, 198, 200, 202, 205, 206, 209, 210, 211, 212, 215, 217, 219, 220, 221, 222, 223, 225, 227, 228, 230, 232, 234, 236, 238, 239, 242, 245, 247, 249, 250, 251, 253, 254, 256, 258, 260, 267, 270, 271, 272, 273, 274, 277, 278, 281, 283, 285, 287, 288, 291, 294, 303, 304, 305, 307, 309, 328, 330, 333, 334, 337, 341, 344, 350, 352, 354, 357, 358, 359, 361, 363, 364, 367, 369, 370, 373, 374, 376, 377, 380, 383, 384, 386, 388, 390, 393, 396, 399, 400, 402, 404, 413, 416, 418, 419, 425, 431, 433, 434, 455, 458, 459, 462, 463, 464, 465, 466, 468, 469, 470, 473, 474, 476, 478, 480, 481, 484, 493, 494, 501, 509, 511, 514, 515, 516, 517, 520, 521, 522, 523, 529, 530, 534, 535, 536, 538, 540, 542, 543, 546, 547, 549, 550, 551, 554, 561, 570, 575, 581, 582, 585, 587, 591, 596, 603, 605, 608, 610, 611, 612, 613, 615, 616, 617, 618, 620, 621, 622, 625, 626, 627, 628, 630, 632, 648, 650, 651, 652, 653, 654, 657, 660, 661, 662, 663, 666, 669, 671, 672, 674, 677, 678, 680, 682, 686, 687, 688, 689, 692, 701, 711, 714, 717, 718, 719, 722, 725, 728, 730, 751, 753, 754, 757, 762, 765, 770, 787, 792, 794, 801, 807, 810, 813, 814, 816, 817, 820, 821, 822, 823, 824, 825, 826, 827, 828, 829, 830, 833, 835, 837, 843, 846, 849, 850, 855, 856, 857, 860, 869, 870, 900, 902, 904, 906, 907, 910, 913, 916, 925, 926, 929, 932, 934, 935, 937, 942, 944, 946, 948, 970, 971, 976, 977, 978, 995, 1004, 1015, 1016, 1018, 1025, 1027, 1028, 1029, 1032, 1035, 1038, 1041, 1044, 1047, 1048, 1051, 1052, 1054, 1055, 1057, 1059, 1060, 1062, 1063, 1064, 1065, 1067, 1069, 1071, 1073, 1074, 1075, 1077, 1079, 1081, 1083, 1085, 1086, 1087, 1090, 1091, 1093, 1096, 1099, 1100, 1101, 1103, 1104, 1105, 1106, 1110, 1111, 1112, 1113, 1117, 1118, 1119, 1120, 1125, 1126, 1127, 1130, 1132, 1134, 1138, 1139, 1140, 1141, 1143, 1144, 1145, 1146, 1148, 1150, 1152, 1153, 1154, 1156, 1158, 1159, 1161, 1164, 1165, 1166, 1169, 1170, 1171, 1172, 1173, 1178, 1184, 1185, 1186, 1187, 1194, 1201, 1210, 1216, 1219, 1222, 1223, 1226, 1229, 1231, 1233, 1236, 1237, 1240, 1241, 1244, 1245, 1246, 1249, 1250, 1252, 1254, 1282, 1284, 1285, 1286, 1287, 1289, 1290, 1292, 1294, 1296, 1298, 1300, 1321, 1323, 1324, 1327, 1361, 1362, 1365, 1366, 1367, 1370, 1371, 1376, 1379, 1380, 1381, 1383, 1385, 1387, 1388, 1390, 1391, 1393, 1394, 1396, 1418, 1420, 1421, 1423, 1433, 1434, 1435, 1437, 1438, 1440, 1462, 1487, 1489, 1490, 1491, 1494, 1497, 1498, 1501, 1502, 1503, 1510, 1511, 1512, 1513, 1516, 1522, 1535, 1538, 1542, 1562, 1563, 1564, 1565, 1566, 1569, 1570, 1572, 1573, 1575, 1590, 1592, 1593, 1594, 1595, 1596, 1597, 1598, 1599, 1601, 1602, 1606, 1607, 1608, 1609, 1610, 1611, 1612, 1613, 1614, 1615, 1616, 1617, 1633, 1634, 1635, 1636, 1637, 1638, 1639, 1640, 1641, 1642, 1643, 1644, 1659, 1662, 1665, 1666, 1667, 1668, 1671, 1672, 1673, 1674, 1675, 1676, 1677, 1678, 1681, 1686, 1687, 1690, 1691, 1694, 1695, 1696, 1697, 1698, 1699, 1702, 1703, 1704, 1705, 1707, 1711, 1734, 1735, 1737, 1768, 1770, 1771, 1773, 1775, 1778, 1786, 1787, 1788, 1789, 1790, 1791, 1793, 1801, 1812, 1813, 1815, 1816, 1824, 1833, 1834, 1835, 1836, 1837, 1839, 1840, 1841, 1842, 1844, 1845, 1846, 1847, 1849, 1854, 1855, 1858, 1863, 1864, 1867, 1870, 1871, 1872, 1874, 1881, 1882, 1883, 1884, 1885, 1886, 1887, 1888, 1889, 1890, 1891, 1892, 1896, 1921, 1923, 1948, 1949, 1974, 1977, 1978, 1979, 1980, 1981, 1982, 1983, 1984, 1985, 1986, 1987, 1988, 1989, 1990, 1991, 1992, 1994, 1995, 1996, 1997, 1998, 1999, 2004, 2023, 2025, 2027, 2048, 2050, 2071, 2080, 2081, 2082, 2083, 2105, 2106, 2108, 2109, 2110, 2111, 2112, 2113, 2115, 2118, 2121, 2122, 2124, 2125, 2129, 2130, 2132, 2136, 2137, 2140, 2141, 2143, 2144, 2146, 2151, 2152, 2154, 2156, 2157, 2158, 2173, 2176, 2179, 2180, 2182, 2184, 2202, 2205, 2206, 2207, 2208, 2210, 2211, 2212, 2213, 2214, 2216, 2217, 2219, 2222, 2230, 2231, 2232, 2233, 2234, 2235, 2237, 2238, 2239, 2240, 2241, 2242, 2243, 2244, 2245, 2246, 2247, 2248, 2250, 2258, 2267, 2268, 2269, 2270, 2271, 2272, 2274, 2276, 2278, 2281, 2282, 2287, 2288, 2289, 2290, 2291, 2294, 2296, 2309, 2311, 2312, 2319, 2320, 2323, 2325, 2326, 2333, 2334, 2336, 2337, 2349, 2353, 2354, 2355, 2356, 2359, 2361, 2363, 2364, 2365, 2366, 2367, 2370, 2371, 2374, 2382, 2383, 2391, 2392, 2397, 2399, 2407, 2408, 2418, 2419, 2420, 2421, 2422, 2423, 2425, 2428, 2429, 2437, 2438, 2446, 2447, 2455, 2456, 2466, 2474, 2475, 2483, 2484, 2489, 2491, 2499, 2500, 2501, 2516, 2517, 2518, 2521, 2522, 2523, 2525, 2527, 2529, 2530, 2532, 2533, 2539, 2540, 2542, 2543, 2545, 2556, 2557, 2559, 2579, 2581, 2582, 2584, 2585, 2588, 2591, 2594, 2595, 2596, 2597, 2599, 2600, 2601, 2603, 2604, 2605, 2606, 2607, 2609, 2610, 2611, 2616, 2617, 2618, 2619, 2620, 2623, 2626, 2627, 2628, 2629, 2630, 2637, 2638, 2643, 2644, 2645, 2650, 2655, 2656, 2657, 2663, 2666, 2683, 2684, 2686, 2704, 2706, 2707, 2708, 2709, 2710, 2711, 2713, 2715, 2716, 2717, 2718, 2720, 2722, 2726, 2727, 2729, 2730, 2735, 2741, 2742, 2747, 2748, 2774, 2775, 2777, 2779, 2780, 2781, 2782, 2784, 2785, 2787, 2788, 2789, 2792, 2793, 2795, 2798, 2799, 2800, 2801, 2802, 2803, 2804, 2805, 2806, 2807, 2808, 2815, 2830, 2831, 2833, 2851, 2853, 2854, 2856, 2857, 2859, 2863, 2864, 2866, 2867, 2869, 2870, 2871, 2874, 2876, 2878, 2879, 2880, 2881, 2884, 2885, 2887, 2888, 2891, 2901, 2902, 2923, 2924, 2926, 2951, 2953, 2954, 2958, 2963, 2966, 2974, 2975, 2976, 2977, 2978, 2983, 2984, 2985, 2986, 2987, 2991, 2992, 2993, 3000, 3003, 3006, 3009, 3016, 3019, 3025, 3026, 3027, 3032, 3033, 3034, 3035, 3036, 3037, 3038, 3044, 3069, 3071, 3072, 3074, 3107, 3109, 3110, 3111, 3112, 3113, 3114, 3116, 3117, 3118, 3120, 3121, 3123, 3126, 3142, 3143, 3146, 3147, 3148, 3153, 3154, 3155, 3156, 3159, 3164, 3166, 3167, 3168, 3169, 3171, 3172, 3174, 3175, 3178, 3182, 3183, 3184, 3186, 3188, 3195, 3217, 3220, 3223, 3224, 3225, 3226, 3227, 3228, 3230, 3231, 3232, 3234, 3235, 3236, 3237, 3238, 3239, 3242, 3243, 3244, 3245, 3247, 3248, 3249, 3251, 3253, 3263, 3273, 3284, 3294, 3304, 3315, 3325, 3338, 3339, 3352, 3353, 3354, 3355, 3367, 3378, 3388, 3399, 3400, 3412, 3413, 3414, 3415, 3416, 3420, 3421, 3422, 3423, 3425, 3426, 3429, 3469, 3479, 3480, 3481, 3482, 3483, 3484, 3485, 3487, 3488, 3493, 3494, 3499, 3500, 3501, 3502, 3510, 3511, 3513, 3514, 3521, 3526, 3528, 3529, 3536, 3544, 3551, 3559, 3560, 3561, 3562, 3564, 3567, 3571, 3572, 3574, 3583, 3588, 3589, 3603, 3608, 3609, 3623, 3629, 3631, 3632, 3635, 3638, 3641, 3642, 3644, 3646, 3648, 3650, 3651, 3655, 3656, 3663, 3664, 3665, 3673, 3674, 3676, 3680, 3681, 3689, 3698, 3702, 3703, 3705, 3706, 3707, 3708, 3709, 3710, 3716, 3717, 3718, 3719, 3720, 3721, 3722, 3723, 3726, 3727, 3732, 3733, 3735, 3736, 3737, 3743, 3744, 3745, 3746, 3747, 3748, 3749, 3757, 3758, 3760, 3761, 3763, 3764, 3766, 3775, 3776, 3779, 3781, 3782, 3783, 3785, 3788, 3792, 3793, 3798, 3799, 3800, 3802, 3805, 3806, 3828, 3837, 3838, 3840, 3841, 3842, 3843, 3845, 3860, 3861, 3863, 3874, 3876, 3877, 3878, 3881, 3882, 3883, 3884, 3885, 3886, 3887, 3888, 3890, 3892, 3893, 3894, 3898, 3902, 3907, 3915, 3916, 3924, 3925, 3933, 3934, 3942, 3943, 3952, 3963, 3976, 3977, 3978, 3979, 3981, 3989, 3990, 3993, 3994, 3995, 3996, 3997, 3998, 3999, 4000, 4003, 4008, 4009, 4017, 4018, 4020, 4031, 4042, 4043, 4044, 4045, 4048, 4049, 4050, 4051, 4052, 4053, 4054, 4055, 4058, 4059, 4067, 4069, 4080, 4081, 4082, 4083, 4085, 4096, 4099, 4100, 4101, 4102, 4103, 4104, 4105, 4106, 4109, 4110, 4111, 4119, 4121, 4132, 4133, 4134, 4135, 4137, 4148, 4151, 4152, 4153, 4154, 4155, 4156, 4157, 4158, 4160, 4162, 4164, 4165, 4167, 4179, 4181, 4182, 4183, 4184, 4187, 4188, 4189, 4190, 4191, 4193, 4194, 4195, 4202, 4203, 4204, 4205, 4206, 4207, 4208, 4210, 4217, 4218, 4229, 4231, 4233, 4234, 4236, 4247, 4249, 4250, 4251, 4252, 4254, 4257, 4262, 4263, 4265, 4266, 4269, 4270, 4272, 4278, 4287, 4288, 4296, 4297, 4299, 4300, 4301, 4305, 4306, 4307, 4308, 4309, 4311, 4312, 4313, 4320, 4321, 4329, 4330, 4331, 4332, 4333, 4334, 4335, 4337, 4344, 4345, 4357, 4359, 4361, 4363, 4365, 4371, 4372, 4378, 4407, 4409, 4410, 4411, 4412, 4415, 4418, 4427, 4430, 4433, 4436, 4437, 4447, 4452, 4453, 4454, 4455, 4456, 4457, 4459, 4460, 4471, 4473, 4475, 4476, 4485, 4486, 4487, 4490, 4491, 4492, 4493, 4494, 4495, 4498, 4499, 4500, 4501, 4502, 4503, 4504, 4505, 4508, 4509, 4510, 4511, 4512, 4513, 4516, 4525, 4526, 4529, 4530, 4531, 4543, 4544, 4546, 4547, 4550, 4575, 4576, 4579, 4591, 4594, 4595, 4598, 4599, 4606, 4607, 4610, 4611, 4612, 4615, 4660, 4663, 4746, 4761, 4762, 4765, 4766, 4767, 4770, 4772, 4774, 4777, 4778, 4779, 4780, 4782], "summary": {"covered_lines": 1509, "num_statements": 1789, "percent_covered": 81.24150430448573, "percent_covered_display": "81.24", "missing_lines": 280, "excluded_lines": 0, "num_branches": 418, "num_partial_branches": 86, "covered_branches": 284, "missing_branches": 134}, "missing_lines": [311, 314, 325, 326, 467, 531, 597, 598, 599, 600, 601, 735, 737, 738, 740, 741, 743, 744, 746, 747, 749, 758, 759, 771, 772, 773, 774, 775, 776, 778, 779, 783, 784, 788, 789, 873, 874, 880, 884, 889, 890, 891, 895, 973, 974, 1107, 1108, 1114, 1115, 1121, 1122, 1211, 1212, 1213, 1256, 1257, 1259, 1260, 1269, 1270, 1271, 1280, 1505, 1506, 1536, 1619, 1620, 1621, 1622, 1623, 1624, 1625, 1626, 1627, 1628, 1629, 1646, 1647, 1648, 1649, 1650, 1651, 1652, 1653, 1654, 1655, 1656, 1660, 1683, 1779, 1780, 1781, 1782, 1783, 1784, 1875, 1876, 1975, 2001, 2002, 2078, 2119, 2148, 2169, 2170, 2177, 2223, 2224, 2225, 2226, 2227, 2228, 2350, 2509, 2510, 2536, 2537, 2613, 2614, 2647, 2648, 2659, 2660, 2732, 2745, 2758, 2759, 2760, 2761, 2762, 2770, 2771, 2772, 2816, 2818, 2827, 2828, 2860, 2905, 2906, 2907, 2908, 2909, 2911, 2912, 2914, 2916, 2917, 2920, 2921, 3028, 3030, 3041, 3042, 3045, 3046, 3049, 3050, 3051, 3052, 3053, 3054, 3055, 3056, 3057, 3058, 3059, 3060, 3061, 3062, 3063, 3064, 3065, 3066, 3067, 3127, 3131, 3165, 3189, 3196, 3198, 3199, 3200, 3201, 3202, 3203, 3205, 3206, 3207, 3209, 3210, 3211, 3212, 3213, 3214, 3218, 3356, 3418, 3430, 3431, 3432, 3433, 3442, 3452, 3460, 3490, 3515, 3789, 3790, 3794, 3795, 3796, 3797, 3803, 3846, 3848, 3849, 3850, 3851, 3852, 3855, 3856, 3895, 3896, 4161, 4315, 4316, 4448, 4449, 4541, 4542, 4671, 4672, 4674, 4675, 4676, 4677, 4678, 4679, 4680, 4683, 4684, 4685, 4687, 4688, 4689, 4690, 4691, 4692, 4693, 4694, 4695, 4696, 4697, 4698, 4705, 4706, 4707, 4708, 4709, 4710, 4711, 4712, 4714, 4715, 4716, 4717, 4718, 4719, 4720, 4721, 4722, 4723, 4724, 4732, 4739, 4740, 4741, 4742, 4743], "excluded_lines": [], "executed_branches": [[219, -217], [219, 220], [222, -217], [222, 223], [227, 228], [227, 230], [249, 250], [249, 253], [277, 278], [277, 281], [341, 344], [341, 352], [361, 363], [361, 367], [367, 369], [367, 374], [374, 376], [374, 383], [399, 400], [399, 402], [433, -404], [433, 434], [462, 463], [462, 473], [464, 465], [464, 469], [466, 468], [469, 470], [473, 474], [520, 521], [520, 534], [522, 523], [522, 530], [530, 520], [534, 535], [534, 538], [546, 547], [546, 549], [549, 550], [549, 554], [585, 587], [596, 603], [608, 610], [608, 613], [613, 615], [613, 618], [618, 620], [627, 628], [672, 674], [672, 910], [680, 682], [680, 686], [689, 692], [689, 810], [717, 718], [728, 730], [753, 754], [753, 801], [757, 762], [770, 787], [787, 792], [821, 822], [821, 833], [857, 860], [857, 900], [869, 870], [900, 672], [900, 902], [934, 935], [934, 970], [942, 944], [970, 971], [976, 977], [976, 1004], [1047, 1048], [1047, 1051], [1051, 1052], [1051, 1054], [1062, 1063], [1062, 1064], [1064, 1065], [1064, 1067], [1073, 1074], [1073, 1077], [1103, 1104], [1103, 1110], [1104, 1103], [1104, 1105], [1110, 1111], [1110, 1117], [1111, 1112], [1117, 1118], [1117, 1125], [1118, 1119], [1125, 1126], [1138, 1139], [1138, 1141], [1141, 1143], [1185, 1186], [1185, 1216], [1210, 1185], [1284, 1285], [1284, 1289], [1361, 1362], [1370, 1371], [1370, 1376], [1393, 1394], [1437, 1438], [1501, 1502], [1535, 1538], [1562, 1563], [1562, 1566], [1563, 1562], [1563, 1564], [1569, 1570], [1569, 1572], [1606, 1607], [1613, 1614], [1613, 1633], [1614, 1613], [1614, 1615], [1615, 1614], [1615, 1616], [1633, 1634], [1640, 1641], [1640, 1659], [1641, 1640], [1641, 1642], [1642, 1641], [1642, 1643], [1659, 1662], [1681, 1686], [1778, 1786], [1815, 1816], [1874, 1881], [1883, 1884], [1974, 1977], [1978, 1979], [1978, 2071], [1994, 1995], [1995, 1996], [1996, 1995], [1996, 1997], [2071, 2080], [2080, 2081], [2080, 2105], [2081, 2082], [2118, 2121], [2124, 2125], [2124, 2132], [2146, 2151], [2176, 2179], [2222, 2230], [2237, 2238], [2237, 2239], [2239, 2240], [2239, 2241], [2241, 2242], [2241, 2243], [2243, 2244], [2243, 2245], [2245, 2246], [2245, 2247], [2247, 2248], [2247, 2250], [2271, 2272], [2271, 2274], [2288, 2289], [2288, 2542], [2294, 2296], [2349, 2353], [2361, 2363], [2361, 2466], [2428, 2429], [2428, 2516], [2522, 2523], [2522, 2525], [2527, 2529], [2527, 2532], [2542, 2543], [2599, 2600], [2599, 2603], [2609, 2610], [2616, 2617], [2616, 2663], [2617, 2618], [2617, 2619], [2637, 2638], [2637, 2650], [2638, 2616], [2638, 2643], [2643, 2644], [2650, 2616], [2650, 2655], [2655, 2656], [2729, 2730], [2741, 2742], [2747, 2748], [2815, 2830], [2859, 2863], [2887, 2888], [2901, 2902], [3019, 3025], [3019, 3032], [3044, 3069], [3126, 3142], [3164, 3166], [3166, 3167], [3166, 3195], [3168, 3169], [3188, 3195], [3195, 3217], [3217, 3220], [3223, 3224], [3223, 3230], [3248, 3249], [3251, 3253], [3251, 3338], [3338, 3339], [3352, 3353], [3355, 3367], [3399, 3400], [3415, 3416], [3421, 3422], [3429, 3469], [3483, 3484], [3487, 3488], [3514, 3521], [3528, 3529], [3528, 3544], [3564, 3567], [3564, 3644], [3644, 3646], [3644, 3775], [3648, 3650], [3648, 3743], [3698, 3702], [3716, 3717], [3721, 3722], [3721, 3735], [3788, 3792], [3793, 3798], [3802, 3805], [3837, 3838], [3837, 3840], [3840, 3841], [3845, 3860], [3886, 3887], [3898, 3902], [4160, 4162], [4194, 4195], [4194, 4231], [4205, 4206], [4205, 4207], [4207, 4208], [4207, 4210], [4297, 4299], [4297, 4359], [4311, 4312], [4320, 4297], [4320, 4321], [4332, 4333], [4332, 4334], [4334, 4335], [4334, 4337], [4471, 4473], [4473, 4475], [4473, 4490], [4475, 4476], [4475, 4550], [4485, 4486], [4485, 4487], [4490, 4491], [4490, 4508], [4491, 4492], [4491, 4516], [4498, 4491], [4498, 4499], [4525, 4526], [4525, 4529], [4529, 4530], [4529, 4546], [4772, 4774], [4772, 4777]], "missing_branches": [[325, -309], [325, 326], [466, 467], [469, 462], [473, 476], [530, 531], [585, 600], [596, 597], [600, 601], [600, 603], [618, 625], [627, 630], [717, 722], [728, 735], [757, 758], [770, 771], [775, 776], [775, 778], [787, 788], [869, 873], [873, 874], [873, 880], [890, 857], [890, 891], [942, 946], [970, 973], [1111, 1110], [1118, 1117], [1125, 1130], [1141, 1148], [1210, 1211], [1269, 1270], [1269, 1280], [1361, 1365], [1393, 1396], [1437, 1440], [1501, 1505], [1535, 1536], [1606, 1619], [1625, 1626], [1625, 1633], [1626, 1625], [1626, 1627], [1627, 1626], [1627, 1628], [1633, 1646], [1652, 1653], [1652, 1659], [1653, 1652], [1653, 1654], [1654, 1653], [1654, 1655], [1659, 1660], [1681, 1683], [1778, 1779], [1815, 1863], [1874, 1875], [1883, 2105], [1974, 1975], [1994, 2001], [1995, 2004], [2071, 2078], [2081, 2083], [2118, 2119], [2146, 2148], [2176, 2177], [2222, 2223], [2294, 2309], [2349, 2350], [2542, 2545], [2609, 2613], [2643, 2647], [2655, 2659], [2729, 2732], [2741, 2745], [2747, 2758], [2815, 2816], [2859, 2860], [2887, 2923], [2901, 2905], [2914, 2916], [2914, 2920], [3044, 3045], [3050, 3051], [3050, 3053], [3061, 3062], [3061, 3063], [3126, 3127], [3164, 3165], [3168, 3195], [3188, 3189], [3195, 3196], [3198, 3199], [3198, 3205], [3217, 3218], [3248, 3251], [3338, 3352], [3352, 3399], [3355, 3356], [3399, 3412], [3415, 3418], [3421, 3423], [3429, 3430], [3430, 3431], [3430, 3479], [3432, 3433], [3432, 3452], [3483, 3485], [3487, 3490], [3514, 3515], [3698, 3644], [3716, 3644], [3788, 3789], [3793, 3794], [3795, 3796], [3795, 3797], [3802, 3803], [3840, 3842], [3845, 3846], [3850, 3851], [3850, 3855], [3886, 3890], [3898, 4003], [4160, 4161], [4311, 4315], [4471, 4575], [4690, 4691], [4690, 4714], [4720, 4721], [4720, 4739], [4721, 4722], [4721, 4732], [4739, 4740], [4739, 4741]], "functions": {"create_dispersion_map.__init__": {"executed_lines": [118, 119, 121, 122, 125, 144, 147, 150, 153, 156, 159, 162, 164], "summary": {"covered_lines": 13, "num_statements": 13, "percent_covered": 100.0, "percent_covered_display": "100.00", "missing_lines": 0, "excluded_lines": 0, "num_branches": 0, "num_partial_branches": 0, "covered_branches": 0, "missing_branches": 0}, "missing_lines": [], "excluded_lines": [], "executed_branches": [], "missing_branches": []}, "create_dispersion_map._store_init_params": {"executed_lines": [185, 186, 187, 188, 189, 190, 191, 192, 193, 194, 195, 196, 197, 198], "summary": {"covered_lines": 14, "num_statements": 14, "percent_covered": 100.0, "percent_covered_display": "100.00", "missing_lines": 0, "excluded_lines": 0, "num_branches": 0, "num_partial_branches": 0, "covered_branches": 0, "missing_branches": 0}, "missing_lines": [], "excluded_lines": [], "executed_branches": [], "missing_branches": []}, "create_dispersion_map._setup_keywords_and_metadata": {"executed_lines": [202, 205, 206, 209, 210, 211, 212, 215], "summary": {"covered_lines": 8, "num_statements": 8, "percent_covered": 100.0, "percent_covered_display": "100.00", "missing_lines": 0, "excluded_lines": 0, "num_branches": 0, "num_partial_branches": 0, "covered_branches": 0, "missing_branches": 0}, "missing_lines": [], "excluded_lines": [], "executed_branches": [], "missing_branches": []}, "create_dispersion_map._validate_nir_lamp_requirements": {"executed_lines": [219, 220, 221, 222, 223], "summary": {"covered_lines": 5, "num_statements": 5, "percent_covered": 100.0, "percent_covered_display": "100.00", "missing_lines": 0, "excluded_lines": 0, "num_branches": 4, "num_partial_branches": 0, "covered_branches": 4, "missing_branches": 0}, "missing_lines": [], "excluded_lines": [], "executed_branches": [[219, -217], [219, 220], [222, -217], [222, 223]], "missing_branches": []}, "create_dispersion_map._set_recipe_name": {"executed_lines": [227, 228, 230], "summary": {"covered_lines": 3, "num_statements": 3, "percent_covered": 100.0, "percent_covered_display": "100.00", "missing_lines": 0, "excluded_lines": 0, "num_branches": 2, "num_partial_branches": 0, "covered_branches": 2, "missing_branches": 0}, "missing_lines": [], "excluded_lines": [], "executed_branches": [[227, 228], [227, 230]], "missing_branches": []}, "create_dispersion_map._setup_detector_params": {"executed_lines": [234], "summary": {"covered_lines": 1, "num_statements": 1, "percent_covered": 100.0, "percent_covered_display": "100.00", "missing_lines": 0, "excluded_lines": 0, "num_branches": 0, "num_partial_branches": 0, "covered_branches": 0, "missing_branches": 0}, "missing_lines": [], "excluded_lines": [], "executed_branches": [], "missing_branches": []}, "create_dispersion_map._configure_warnings_and_logging": {"executed_lines": [238, 239, 242, 245], "summary": {"covered_lines": 4, "num_statements": 4, "percent_covered": 100.0, "percent_covered_display": "100.00", "missing_lines": 0, "excluded_lines": 0, "num_branches": 0, "num_partial_branches": 0, "covered_branches": 0, "missing_branches": 0}, "missing_lines": [], "excluded_lines": [], "executed_branches": [], "missing_branches": []}, "create_dispersion_map._set_image_orientation": {"executed_lines": [249, 250, 251, 253, 254], "summary": {"covered_lines": 5, "num_statements": 5, "percent_covered": 100.0, "percent_covered_display": "100.00", "missing_lines": 0, "excluded_lines": 0, "num_branches": 2, "num_partial_branches": 0, "covered_branches": 2, "missing_branches": 0}, "missing_lines": [], "excluded_lines": [], "executed_branches": [[249, 250], [249, 253]], "missing_branches": []}, "create_dispersion_map._setup_output_directories": {"executed_lines": [258, 260], "summary": {"covered_lines": 2, "num_statements": 2, "percent_covered": 100.0, "percent_covered_display": "100.00", "missing_lines": 0, "excluded_lines": 0, "num_branches": 0, "num_partial_branches": 0, "covered_branches": 0, "missing_branches": 0}, "missing_lines": [], "excluded_lines": [], "executed_branches": [], "missing_branches": []}, "create_dispersion_map._initialize_recipe_settings": {"executed_lines": [270, 271, 272, 273, 274, 277, 278, 281, 283], "summary": {"covered_lines": 9, "num_statements": 9, "percent_covered": 100.0, "percent_covered_display": "100.00", "missing_lines": 0, "excluded_lines": 0, "num_branches": 2, "num_partial_branches": 0, "covered_branches": 2, "missing_branches": 0}, "missing_lines": [], "excluded_lines": [], "executed_branches": [[277, 278], [277, 281]], "missing_branches": []}, "create_dispersion_map._prepare_pinhole_frame": {"executed_lines": [287, 288, 291, 294, 303, 304, 305, 307], "summary": {"covered_lines": 8, "num_statements": 8, "percent_covered": 100.0, "percent_covered_display": "100.00", "missing_lines": 0, "excluded_lines": 0, "num_branches": 0, "num_partial_branches": 0, "covered_branches": 0, "missing_branches": 0}, "missing_lines": [], "excluded_lines": [], "executed_branches": [], "missing_branches": []}, "create_dispersion_map._generate_quicklook_and_debug_plots": {"executed_lines": [], "summary": {"covered_lines": 0, "num_statements": 4, "percent_covered": 0.0, "percent_covered_display": "0.00", "missing_lines": 4, "excluded_lines": 0, "num_branches": 2, "num_partial_branches": 0, "covered_branches": 0, "missing_branches": 2}, "missing_lines": [311, 314, 325, 326], "excluded_lines": [], "executed_branches": [], "missing_branches": [[325, -309], [325, 326]]}, "create_dispersion_map._calculate_position_differences": {"executed_lines": [330, 333, 334, 337, 341, 344, 350, 352], "summary": {"covered_lines": 8, "num_statements": 8, "percent_covered": 100.0, "percent_covered_display": "100.00", "missing_lines": 0, "excluded_lines": 0, "num_branches": 2, "num_partial_branches": 0, "covered_branches": 2, "missing_branches": 0}, "missing_lines": [], "excluded_lines": [], "executed_branches": [[341, 344], [341, 352]], "missing_branches": []}, "create_dispersion_map._get_detection_parameters": {"executed_lines": [357, 358, 359, 361, 363, 364, 367, 369, 370, 373, 374, 376, 377, 380, 383, 384, 386], "summary": {"covered_lines": 17, "num_statements": 17, "percent_covered": 100.0, "percent_covered_display": "100.00", "missing_lines": 0, "excluded_lines": 0, "num_branches": 6, "num_partial_branches": 0, "covered_branches": 6, "missing_branches": 0}, "missing_lines": [], "excluded_lines": [], "executed_branches": [[361, 363], [361, 367], [367, 369], [367, 374], [374, 376], [374, 383]], "missing_branches": []}, "create_dispersion_map._explode_multiple_detections": {"executed_lines": [390, 393, 396, 399, 400, 402], "summary": {"covered_lines": 6, "num_statements": 6, "percent_covered": 100.0, "percent_covered_display": "100.00", "missing_lines": 0, "excluded_lines": 0, "num_branches": 2, "num_partial_branches": 0, "covered_branches": 2, "missing_branches": 0}, "missing_lines": [], "excluded_lines": [], "executed_branches": [[399, 400], [399, 402]], "missing_branches": []}, "create_dispersion_map._write_qc_metrics": {"executed_lines": [413, 416, 418, 419, 425, 431, 433, 434], "summary": {"covered_lines": 8, "num_statements": 8, "percent_covered": 100.0, "percent_covered_display": "100.00", "missing_lines": 0, "excluded_lines": 0, "num_branches": 2, "num_partial_branches": 0, "covered_branches": 2, "missing_branches": 0}, "missing_lines": [], "excluded_lines": [], "executed_branches": [[433, -404], [433, 434]], "missing_branches": []}, "create_dispersion_map._find_cluster_center_with_fallback": {"executed_lines": [458, 459, 462, 463, 464, 465, 466, 468, 469, 470, 473, 474, 476], "summary": {"covered_lines": 13, "num_statements": 14, "percent_covered": 83.33333333333333, "percent_covered_display": "83.33", "missing_lines": 1, "excluded_lines": 0, "num_branches": 10, "num_partial_branches": 3, "covered_branches": 7, "missing_branches": 3}, "missing_lines": [467], "excluded_lines": [], "executed_branches": [[462, 463], [462, 473], [464, 465], [464, 469], [466, 468], [469, 470], [473, 474]], "missing_branches": [[466, 467], [469, 462], [473, 476]]}, "create_dispersion_map._calculate_order_shift_statistics": {"executed_lines": [480, 481, 484, 493, 494, 501, 509], "summary": {"covered_lines": 7, "num_statements": 7, "percent_covered": 100.0, "percent_covered_display": "100.00", "missing_lines": 0, "excluded_lines": 0, "num_branches": 0, "num_partial_branches": 0, "covered_branches": 0, "missing_branches": 0}, "missing_lines": [], "excluded_lines": [], "executed_branches": [], "missing_branches": []}, "create_dispersion_map._find_and_apply_cluster_shift": {"executed_lines": [514, 515, 516, 517, 520, 521, 522, 523, 529, 530, 534, 535, 536, 538], "summary": {"covered_lines": 14, "num_statements": 15, "percent_covered": 91.30434782608695, "percent_covered_display": "91.30", "missing_lines": 1, "excluded_lines": 0, "num_branches": 8, "num_partial_branches": 1, "covered_branches": 7, "missing_branches": 1}, "missing_lines": [531], "excluded_lines": [], "executed_branches": [[520, 521], [520, 534], [522, 523], [522, 530], [530, 520], [534, 535], [534, 538]], "missing_branches": [[530, 531]]}, "create_dispersion_map._handle_multipin_hole_big_shift": {"executed_lines": [542, 543, 546, 547, 549, 550, 551, 554, 561, 570, 575, 581, 582, 585, 587, 591, 596, 603], "summary": {"covered_lines": 18, "num_statements": 23, "percent_covered": 72.72727272727273, "percent_covered_display": "72.73", "missing_lines": 5, "excluded_lines": 0, "num_branches": 10, "num_partial_branches": 2, "covered_branches": 6, "missing_branches": 4}, "missing_lines": [597, 598, 599, 600, 601], "excluded_lines": [], "executed_branches": [[546, 547], [546, 549], [549, 550], [549, 554], [585, 587], [596, 603]], "missing_branches": [[585, 600], [596, 597], [600, 601], [600, 603]]}, "create_dispersion_map._reduce_polynomial_degrees": {"executed_lines": [608, 610, 611, 612, 613, 615, 616, 617, 618, 620, 621, 622, 625, 626, 627, 628, 630], "summary": {"covered_lines": 17, "num_statements": 17, "percent_covered": 92.0, "percent_covered_display": "92.00", "missing_lines": 0, "excluded_lines": 0, "num_branches": 8, "num_partial_branches": 2, "covered_branches": 6, "missing_branches": 2}, "missing_lines": [], "excluded_lines": [], "executed_branches": [[608, 610], [608, 613], [613, 615], [613, 618], [618, 620], [627, 628]], "missing_branches": [[618, 625], [627, 630]]}, "create_dispersion_map.get": {"executed_lines": [648, 650, 651, 652, 653, 654, 657, 660, 661, 662, 663, 666, 669, 671, 672, 674, 677, 678, 680, 682, 686, 687, 688, 689, 692, 701, 711, 714, 717, 718, 719, 722, 725, 728, 730, 751, 753, 754, 757, 762, 765, 770, 787, 792, 794, 801, 807, 810, 813, 814, 816, 817, 820, 821, 822, 823, 824, 825, 826, 827, 828, 829, 830, 833, 835, 837, 843, 846, 849, 850, 855, 856, 857, 860, 869, 870, 900, 902, 904, 906, 907, 910, 913, 916, 925, 926, 929, 932, 934, 935, 937, 942, 944, 946, 948, 970, 971, 976, 977, 978, 995, 1004, 1015, 1016], "summary": {"covered_lines": 104, "num_statements": 138, "percent_covered": 73.03370786516854, "percent_covered_display": "73.03", "missing_lines": 34, "excluded_lines": 0, "num_branches": 40, "num_partial_branches": 8, "covered_branches": 26, "missing_branches": 14}, "missing_lines": [735, 737, 738, 740, 741, 743, 744, 746, 747, 749, 758, 759, 771, 772, 773, 774, 775, 776, 778, 779, 783, 784, 788, 789, 873, 874, 880, 884, 889, 890, 891, 895, 973, 974], "excluded_lines": [], "executed_branches": [[672, 674], [672, 910], [680, 682], [680, 686], [689, 692], [689, 810], [717, 718], [728, 730], [753, 754], [753, 801], [757, 762], [770, 787], [787, 792], [821, 822], [821, 833], [857, 860], [857, 900], [869, 870], [900, 672], [900, 902], [934, 935], [934, 970], [942, 944], [970, 971], [976, 977], [976, 1004]], "missing_branches": [[717, 722], [728, 735], [757, 758], [770, 771], [775, 776], [775, 778], [787, 788], [869, 873], [873, 874], [873, 880], [890, 857], [890, 891], [942, 946], [970, 973]]}, "create_dispersion_map.get_predicted_line_list": {"executed_lines": [1025, 1027, 1028, 1029, 1032, 1035, 1038, 1041, 1044, 1047, 1048, 1051, 1052, 1054, 1055], "summary": {"covered_lines": 15, "num_statements": 15, "percent_covered": 100.0, "percent_covered_display": "100.00", "missing_lines": 0, "excluded_lines": 0, "num_branches": 4, "num_partial_branches": 0, "covered_branches": 4, "missing_branches": 0}, "missing_lines": [], "excluded_lines": [], "executed_branches": [[1047, 1048], [1047, 1051], [1051, 1052], [1051, 1054]], "missing_branches": []}, "create_dispersion_map._determine_frame_tech": {"executed_lines": [1059, 1060, 1062, 1063, 1064, 1065, 1067], "summary": {"covered_lines": 7, "num_statements": 7, "percent_covered": 100.0, "percent_covered_display": "100.00", "missing_lines": 0, "excluded_lines": 0, "num_branches": 4, "num_partial_branches": 0, "covered_branches": 4, "missing_branches": 0}, "missing_lines": [], "excluded_lines": [], "executed_branches": [[1062, 1063], [1062, 1064], [1064, 1065], [1064, 1067]], "missing_branches": []}, "create_dispersion_map._get_binning_params": {"executed_lines": [1071, 1073, 1074, 1075, 1077, 1079], "summary": {"covered_lines": 6, "num_statements": 6, "percent_covered": 100.0, "percent_covered_display": "100.00", "missing_lines": 0, "excluded_lines": 0, "num_branches": 2, "num_partial_branches": 0, "covered_branches": 2, "missing_branches": 0}, "missing_lines": [], "excluded_lines": [], "executed_branches": [[1073, 1074], [1073, 1077]], "missing_branches": []}, "create_dispersion_map._load_predicted_lines": {"executed_lines": [1083, 1085, 1086, 1087, 1090, 1091], "summary": {"covered_lines": 6, "num_statements": 6, "percent_covered": 100.0, "percent_covered_display": "100.00", "missing_lines": 0, "excluded_lines": 0, "num_branches": 0, "num_partial_branches": 0, "covered_branches": 0, "missing_branches": 0}, "missing_lines": [], "excluded_lines": [], "executed_branches": [], "missing_branches": []}, "create_dispersion_map._clean_line_list": {"executed_lines": [1096, 1099, 1100, 1101, 1103, 1104, 1105, 1106, 1110, 1111, 1112, 1113, 1117, 1118, 1119, 1120, 1125, 1126, 1127, 1130, 1132], "summary": {"covered_lines": 21, "num_statements": 27, "percent_covered": 78.04878048780488, "percent_covered_display": "78.05", "missing_lines": 6, "excluded_lines": 0, "num_branches": 14, "num_partial_branches": 3, "covered_branches": 11, "missing_branches": 3}, "missing_lines": [1107, 1108, 1114, 1115, 1121, 1122], "excluded_lines": [], "executed_branches": [[1103, 1104], [1103, 1110], [1104, 1103], [1104, 1105], [1110, 1111], [1110, 1117], [1111, 1112], [1117, 1118], [1117, 1125], [1118, 1119], [1125, 1126]], "missing_branches": [[1111, 1110], [1118, 1117], [1125, 1130]]}, "create_dispersion_map._apply_coordinate_transforms": {"executed_lines": [1138, 1139, 1140, 1141, 1143, 1144, 1145, 1146, 1148], "summary": {"covered_lines": 9, "num_statements": 9, "percent_covered": 92.3076923076923, "percent_covered_display": "92.31", "missing_lines": 0, "excluded_lines": 0, "num_branches": 4, "num_partial_branches": 1, "covered_branches": 3, "missing_branches": 1}, "missing_lines": [], "excluded_lines": [], "executed_branches": [[1138, 1139], [1138, 1141], [1141, 1143]], "missing_branches": [[1141, 1148]]}, "create_dispersion_map._filter_to_mid_slit": {"executed_lines": [1152, 1153, 1154], "summary": {"covered_lines": 3, "num_statements": 3, "percent_covered": 100.0, "percent_covered_display": "100.00", "missing_lines": 0, "excluded_lines": 0, "num_branches": 0, "num_partial_branches": 0, "covered_branches": 0, "missing_branches": 0}, "missing_lines": [], "excluded_lines": [], "executed_branches": [], "missing_branches": []}, "create_dispersion_map._apply_first_guess_corrections": {"executed_lines": [1158, 1159, 1161, 1164, 1165, 1166, 1169, 1170, 1171, 1172, 1173, 1178, 1184, 1185, 1186, 1187, 1194, 1201, 1210, 1216, 1219, 1222, 1223, 1226, 1229, 1231], "summary": {"covered_lines": 26, "num_statements": 29, "percent_covered": 87.87878787878788, "percent_covered_display": "87.88", "missing_lines": 3, "excluded_lines": 0, "num_branches": 4, "num_partial_branches": 1, "covered_branches": 3, "missing_branches": 1}, "missing_lines": [1211, 1212, 1213], "excluded_lines": [], "executed_branches": [[1185, 1186], [1185, 1216], [1210, 1185]], "missing_branches": [[1210, 1211]]}, "create_dispersion_map._remove_incomplete_mph_sets": {"executed_lines": [1236, 1237, 1240, 1241, 1244, 1245, 1246, 1249, 1250, 1252], "summary": {"covered_lines": 10, "num_statements": 10, "percent_covered": 100.0, "percent_covered_display": "100.00", "missing_lines": 0, "excluded_lines": 0, "num_branches": 0, "num_partial_branches": 0, "covered_branches": 0, "missing_branches": 0}, "missing_lines": [], "excluded_lines": [], "executed_branches": [], "missing_branches": []}, "create_dispersion_map._plot_predicted_line_windows": {"executed_lines": [], "summary": {"covered_lines": 0, "num_statements": 8, "percent_covered": 0.0, "percent_covered_display": "0.00", "missing_lines": 8, "excluded_lines": 0, "num_branches": 2, "num_partial_branches": 0, "covered_branches": 0, "missing_branches": 2}, "missing_lines": [1256, 1257, 1259, 1260, 1269, 1270, 1271, 1280], "excluded_lines": [], "executed_branches": [], "missing_branches": [[1269, 1270], [1269, 1280]]}, "create_dispersion_map._get_output_filenames": {"executed_lines": [1284, 1285, 1286, 1287, 1289, 1290, 1292], "summary": {"covered_lines": 7, "num_statements": 7, "percent_covered": 100.0, "percent_covered_display": "100.00", "missing_lines": 0, "excluded_lines": 0, "num_branches": 2, "num_partial_branches": 0, "covered_branches": 2, "missing_branches": 0}, "missing_lines": [], "excluded_lines": [], "executed_branches": [[1284, 1285], [1284, 1289]], "missing_branches": []}, "create_dispersion_map._write_line_list_qc": {"executed_lines": [1296, 1298, 1300], "summary": {"covered_lines": 3, "num_statements": 3, "percent_covered": 100.0, "percent_covered_display": "100.00", "missing_lines": 0, "excluded_lines": 0, "num_branches": 0, "num_partial_branches": 0, "covered_branches": 0, "missing_branches": 0}, "missing_lines": [], "excluded_lines": [], "executed_branches": [], "missing_branches": []}, "create_dispersion_map._prepare_line_list_columns": {"executed_lines": [1323, 1324, 1327, 1361, 1362, 1365, 1366, 1367, 1370, 1371, 1376, 1379, 1380, 1381, 1383], "summary": {"covered_lines": 15, "num_statements": 15, "percent_covered": 94.73684210526316, "percent_covered_display": "94.74", "missing_lines": 0, "excluded_lines": 0, "num_branches": 4, "num_partial_branches": 1, "covered_branches": 3, "missing_branches": 1}, "missing_lines": [], "excluded_lines": [], "executed_branches": [[1361, 1362], [1370, 1371], [1370, 1376]], "missing_branches": [[1361, 1365]]}, "create_dispersion_map._write_fitted_lines_file": {"executed_lines": [1387, 1388, 1390, 1391, 1393, 1394, 1396], "summary": {"covered_lines": 7, "num_statements": 7, "percent_covered": 88.88888888888889, "percent_covered_display": "88.89", "missing_lines": 0, "excluded_lines": 0, "num_branches": 2, "num_partial_branches": 1, "covered_branches": 1, "missing_branches": 1}, "missing_lines": [], "excluded_lines": [], "executed_branches": [[1393, 1394]], "missing_branches": [[1393, 1396]]}, "create_dispersion_map._write_missing_lines_file": {"executed_lines": [1420, 1421, 1423, 1433, 1434, 1435, 1437, 1438, 1440], "summary": {"covered_lines": 9, "num_statements": 9, "percent_covered": 90.9090909090909, "percent_covered_display": "90.91", "missing_lines": 0, "excluded_lines": 0, "num_branches": 2, "num_partial_branches": 1, "covered_branches": 1, "missing_branches": 1}, "missing_lines": [], "excluded_lines": [], "executed_branches": [[1437, 1438]], "missing_branches": [[1437, 1440]]}, "create_dispersion_map.detect_pinhole_arc_lines": {"executed_lines": [1487, 1489, 1490, 1491, 1494, 1497, 1498, 1501, 1502, 1503, 1510, 1511, 1512, 1513, 1516, 1522, 1535, 1538, 1542, 1562, 1563, 1564, 1565, 1566, 1569, 1570, 1572, 1573], "summary": {"covered_lines": 28, "num_statements": 31, "percent_covered": 87.8048780487805, "percent_covered_display": "87.80", "missing_lines": 3, "excluded_lines": 0, "num_branches": 10, "num_partial_branches": 2, "covered_branches": 8, "missing_branches": 2}, "missing_lines": [1505, 1506, 1536], "excluded_lines": [], "executed_branches": [[1501, 1502], [1535, 1538], [1562, 1563], [1562, 1566], [1563, 1562], [1563, 1564], [1569, 1570], [1569, 1572]], "missing_branches": [[1501, 1505], [1535, 1536]]}, "create_dispersion_map.write_map_to_file": {"executed_lines": [1590, 1592, 1593, 1594, 1595, 1596, 1597, 1598, 1599, 1601, 1602, 1606, 1607, 1608, 1609, 1610, 1611, 1612, 1613, 1614, 1615, 1616, 1617, 1633, 1634, 1635, 1636, 1637, 1638, 1639, 1640, 1641, 1642, 1643, 1644, 1659, 1662, 1665, 1666, 1667, 1668, 1671, 1672, 1673, 1674, 1675, 1676, 1677, 1678, 1681, 1686, 1687, 1690, 1691, 1694, 1695, 1696, 1697, 1698, 1699, 1702, 1703, 1704, 1705, 1707, 1711, 1734, 1735], "summary": {"covered_lines": 68, "num_statements": 92, "percent_covered": 67.74193548387096, "percent_covered_display": "67.74", "missing_lines": 24, "excluded_lines": 0, "num_branches": 32, "num_partial_branches": 4, "covered_branches": 16, "missing_branches": 16}, "missing_lines": [1619, 1620, 1621, 1622, 1623, 1624, 1625, 1626, 1627, 1628, 1629, 1646, 1647, 1648, 1649, 1650, 1651, 1652, 1653, 1654, 1655, 1656, 1660, 1683], "excluded_lines": [], "executed_branches": [[1606, 1607], [1613, 1614], [1613, 1633], [1614, 1613], [1614, 1615], [1615, 1614], [1615, 1616], [1633, 1634], [1640, 1641], [1640, 1659], [1641, 1640], [1641, 1642], [1642, 1641], [1642, 1643], [1659, 1662], [1681, 1686]], "missing_branches": [[1606, 1619], [1625, 1626], [1625, 1633], [1626, 1625], [1626, 1627], [1627, 1626], [1627, 1628], [1633, 1646], [1652, 1653], [1652, 1659], [1653, 1652], [1653, 1654], [1654, 1653], [1654, 1655], [1659, 1660], [1681, 1683]]}, "create_dispersion_map.calculate_residuals": {"executed_lines": [1768, 1770, 1771, 1773, 1775, 1778, 1786, 1787, 1788, 1789, 1790, 1791, 1793, 1801, 1812, 1813, 1815, 1816, 1824, 1833, 1834, 1835, 1836, 1837, 1839, 1840, 1841, 1842, 1844, 1845, 1846, 1847, 1849, 1854, 1855, 1858, 1863, 1864, 1867, 1870, 1871, 1872, 1874, 1881, 1882, 1883, 1884, 1885, 1886, 1887, 1888, 1889, 1890, 1891, 1892, 1896, 1921, 1923, 1948, 1949, 1974, 1977, 1978, 1979, 1980, 1981, 1982, 1983, 1984, 1985, 1986, 1987, 1988, 1989, 1990, 1991, 1992, 1994, 1995, 1996, 1997, 1998, 1999, 2004, 2023, 2025, 2027, 2048, 2050, 2071, 2080, 2081, 2082, 2083, 2105, 2106], "summary": {"covered_lines": 96, "num_statements": 108, "percent_covered": 84.0909090909091, "percent_covered_display": "84.09", "missing_lines": 12, "excluded_lines": 0, "num_branches": 24, "num_partial_branches": 9, "covered_branches": 15, "missing_branches": 9}, "missing_lines": [1779, 1780, 1781, 1782, 1783, 1784, 1875, 1876, 1975, 2001, 2002, 2078], "excluded_lines": [], "executed_branches": [[1778, 1786], [1815, 1816], [1874, 1881], [1883, 1884], [1974, 1977], [1978, 1979], [1978, 2071], [1994, 1995], [1995, 1996], [1996, 1995], [1996, 1997], [2071, 2080], [2080, 2081], [2080, 2105], [2081, 2082]], "missing_branches": [[1778, 1779], [1815, 1863], [1874, 1875], [1883, 2105], [1974, 1975], [1994, 2001], [1995, 2004], [2071, 2078], [2081, 2083]]}, "create_dispersion_map._calculate_resolution_on_slit": {"executed_lines": [2109, 2110, 2111, 2112, 2113, 2115, 2118, 2121, 2122, 2124, 2125, 2129, 2130, 2132, 2136, 2137, 2140, 2141, 2143, 2144, 2146, 2151, 2152, 2154, 2156, 2157, 2158, 2173, 2176, 2179, 2180, 2182], "summary": {"covered_lines": 32, "num_statements": 37, "percent_covered": 82.22222222222223, "percent_covered_display": "82.22", "missing_lines": 5, "excluded_lines": 0, "num_branches": 8, "num_partial_branches": 3, "covered_branches": 5, "missing_branches": 3}, "missing_lines": [2119, 2148, 2169, 2170, 2177], "excluded_lines": [], "executed_branches": [[2118, 2121], [2124, 2125], [2124, 2132], [2146, 2151], [2176, 2179]], "missing_branches": [[2118, 2119], [2146, 2148], [2176, 2177]]}, "create_dispersion_map.fit_polynomials": {"executed_lines": [2202, 2205, 2206, 2207, 2208, 2210, 2211, 2212, 2213, 2214, 2216, 2217, 2219, 2222, 2230, 2231, 2232, 2233, 2234, 2235, 2237, 2238, 2239, 2240, 2241, 2242, 2243, 2244, 2245, 2246, 2247, 2248, 2250, 2258, 2267, 2268, 2269, 2270, 2271, 2272, 2274, 2276, 2278, 2281, 2282, 2287, 2288, 2289, 2290, 2291, 2294, 2296, 2309, 2311, 2312, 2319, 2320, 2323, 2325, 2326, 2333, 2334, 2336, 2337, 2349, 2353, 2354, 2355, 2356, 2359, 2361, 2363, 2364, 2365, 2366, 2367, 2370, 2371, 2374, 2382, 2383, 2391, 2392, 2397, 2399, 2407, 2408, 2418, 2419, 2420, 2421, 2422, 2423, 2425, 2428, 2429, 2437, 2438, 2446, 2447, 2455, 2456, 2466, 2474, 2475, 2483, 2484, 2489, 2491, 2499, 2500, 2501, 2516, 2517, 2518, 2521, 2522, 2523, 2525, 2527, 2529, 2530, 2532, 2533, 2539, 2540, 2542, 2543, 2545, 2556, 2557], "summary": {"covered_lines": 131, "num_statements": 142, "percent_covered": 91.37931034482759, "percent_covered_display": "91.38", "missing_lines": 11, "excluded_lines": 0, "num_branches": 32, "num_partial_branches": 4, "covered_branches": 28, "missing_branches": 4}, "missing_lines": [2223, 2224, 2225, 2226, 2227, 2228, 2350, 2509, 2510, 2536, 2537], "excluded_lines": [], "executed_branches": [[2222, 2230], [2237, 2238], [2237, 2239], [2239, 2240], [2239, 2241], [2241, 2242], [2241, 2243], [2243, 2244], [2243, 2245], [2245, 2246], [2245, 2247], [2247, 2248], [2247, 2250], [2271, 2272], [2271, 2274], [2288, 2289], [2288, 2542], [2294, 2296], [2349, 2353], [2361, 2363], [2361, 2466], [2428, 2429], [2428, 2516], [2522, 2523], [2522, 2525], [2527, 2529], [2527, 2532], [2542, 2543]], "missing_branches": [[2222, 2223], [2294, 2309], [2349, 2350], [2542, 2545]]}, "create_dispersion_map.create_placeholder_images": {"executed_lines": [2579, 2581, 2582, 2584, 2585, 2588, 2591, 2594, 2595, 2596, 2597, 2599, 2600, 2601, 2603, 2604, 2605, 2606, 2607, 2609, 2610, 2611, 2616, 2617, 2618, 2619, 2620, 2623, 2626, 2627, 2628, 2629, 2630, 2637, 2638, 2643, 2644, 2645, 2650, 2655, 2656, 2657, 2663, 2666, 2683, 2684], "summary": {"covered_lines": 46, "num_statements": 52, "percent_covered": 87.14285714285714, "percent_covered_display": "87.14", "missing_lines": 6, "excluded_lines": 0, "num_branches": 18, "num_partial_branches": 3, "covered_branches": 15, "missing_branches": 3}, "missing_lines": [2613, 2614, 2647, 2648, 2659, 2660], "excluded_lines": [], "executed_branches": [[2599, 2600], [2599, 2603], [2609, 2610], [2616, 2617], [2616, 2663], [2617, 2618], [2617, 2619], [2637, 2638], [2637, 2650], [2638, 2616], [2638, 2643], [2643, 2644], [2650, 2616], [2650, 2655], [2655, 2656]], "missing_branches": [[2609, 2613], [2643, 2647], [2655, 2659]]}, "create_dispersion_map.map_to_image": {"executed_lines": [2704, 2706, 2707, 2708, 2709, 2710, 2711, 2713, 2715, 2716, 2717, 2718, 2720, 2722, 2726, 2727, 2729, 2730, 2735, 2741, 2742, 2747, 2748, 2774, 2775, 2777, 2779, 2780, 2781, 2782, 2784, 2785, 2787, 2788, 2789, 2792, 2793, 2795, 2798, 2799, 2800, 2801, 2802, 2803, 2804, 2805, 2806, 2807, 2808, 2815, 2830, 2831], "summary": {"covered_lines": 52, "num_statements": 66, "percent_covered": 75.67567567567568, "percent_covered_display": "75.68", "missing_lines": 14, "excluded_lines": 0, "num_branches": 8, "num_partial_branches": 4, "covered_branches": 4, "missing_branches": 4}, "missing_lines": [2732, 2745, 2758, 2759, 2760, 2761, 2762, 2770, 2771, 2772, 2816, 2818, 2827, 2828], "excluded_lines": [], "executed_branches": [[2729, 2730], [2741, 2742], [2747, 2748], [2815, 2830]], "missing_branches": [[2729, 2732], [2741, 2745], [2747, 2758], [2815, 2816]]}, "create_dispersion_map.order_to_image": {"executed_lines": [2851, 2853, 2854, 2856, 2857, 2859, 2863, 2864, 2866, 2867, 2869, 2870, 2871, 2874, 2876, 2878, 2879, 2880, 2881, 2884, 2885, 2887, 2888, 2891, 2901, 2902, 2923, 2924], "summary": {"covered_lines": 28, "num_statements": 41, "percent_covered": 63.265306122448976, "percent_covered_display": "63.27", "missing_lines": 13, "excluded_lines": 0, "num_branches": 8, "num_partial_branches": 3, "covered_branches": 3, "missing_branches": 5}, "missing_lines": [2860, 2905, 2906, 2907, 2908, 2909, 2911, 2912, 2914, 2916, 2917, 2920, 2921], "excluded_lines": [], "executed_branches": [[2859, 2863], [2887, 2888], [2901, 2902]], "missing_branches": [[2859, 2860], [2887, 2923], [2901, 2905], [2914, 2916], [2914, 2920]]}, "create_dispersion_map.convert_and_fit": {"executed_lines": [2951, 2953, 2954, 2958, 2963, 2966, 2974, 2975, 2976, 2977, 2978, 2983, 2984, 2985, 2986, 2987, 2991, 2992, 2993, 3000, 3003, 3006, 3009, 3016, 3019, 3025, 3026, 3027, 3032, 3033, 3034, 3035, 3036, 3037, 3038, 3044, 3069, 3071, 3072], "summary": {"covered_lines": 39, "num_statements": 64, "percent_covered": 58.333333333333336, "percent_covered_display": "58.33", "missing_lines": 25, "excluded_lines": 0, "num_branches": 8, "num_partial_branches": 1, "covered_branches": 3, "missing_branches": 5}, "missing_lines": [3028, 3030, 3041, 3042, 3045, 3046, 3049, 3050, 3051, 3052, 3053, 3054, 3055, 3056, 3057, 3058, 3059, 3060, 3061, 3062, 3063, 3064, 3065, 3066, 3067], "excluded_lines": [], "executed_branches": [[3019, 3025], [3019, 3032], [3044, 3069]], "missing_branches": [[3044, 3045], [3050, 3051], [3050, 3053], [3061, 3062], [3061, 3063]]}, "create_dispersion_map._create_dispersion_map_qc_plot": {"executed_lines": [3107, 3109, 3110, 3111, 3112, 3113, 3114, 3116, 3117, 3118, 3120, 3121, 3123, 3126, 3142, 3143, 3146, 3147, 3148, 3153, 3154, 3155, 3156, 3159, 3164, 3166, 3167, 3168, 3169, 3171, 3172, 3174, 3175, 3178, 3182, 3183, 3184, 3186, 3188, 3195, 3217, 3220, 3223, 3224, 3225, 3226, 3227, 3228, 3230, 3231, 3232, 3234, 3235, 3236, 3237, 3238, 3239, 3242, 3243, 3244, 3245, 3247, 3248, 3249, 3251, 3253, 3263, 3273, 3284, 3294, 3304, 3315, 3325, 3338, 3339, 3352, 3353, 3354, 3355, 3367, 3378, 3388, 3399, 3400, 3412, 3413, 3414, 3415, 3416, 3420, 3421, 3422, 3423, 3425, 3426, 3429, 3469, 3479, 3480, 3481, 3482, 3483, 3484, 3485, 3487, 3488, 3493, 3494, 3499, 3500, 3501, 3502, 3510, 3511, 3513, 3514, 3521, 3526, 3528, 3529, 3536, 3544, 3551, 3559, 3560, 3561, 3562, 3564, 3567, 3571, 3572, 3574, 3583, 3588, 3589, 3603, 3608, 3609, 3623, 3629, 3631, 3632, 3635, 3638, 3641, 3642, 3644, 3646, 3648, 3650, 3651, 3655, 3656, 3663, 3664, 3665, 3673, 3674, 3676, 3680, 3681, 3689, 3698, 3702, 3703, 3705, 3706, 3707, 3708, 3709, 3710, 3716, 3717, 3718, 3719, 3720, 3721, 3722, 3723, 3726, 3727, 3732, 3733, 3735, 3736, 3737, 3743, 3744, 3745, 3746, 3747, 3748, 3749, 3757, 3758, 3760, 3761, 3763, 3764, 3766, 3775, 3776, 3779, 3781, 3782, 3783, 3785, 3788, 3792, 3793, 3798, 3799, 3800, 3802, 3805, 3806, 3828, 3837, 3838, 3840, 3841, 3842, 3843, 3845, 3860, 3861], "summary": {"covered_lines": 226, "num_statements": 273, "percent_covered": 76.79083094555874, "percent_covered_display": "76.79", "missing_lines": 47, "excluded_lines": 0, "num_branches": 76, "num_partial_branches": 24, "covered_branches": 42, "missing_branches": 34}, "missing_lines": [3127, 3131, 3165, 3189, 3196, 3198, 3199, 3200, 3201, 3202, 3203, 3205, 3206, 3207, 3209, 3210, 3211, 3212, 3213, 3214, 3218, 3356, 3418, 3430, 3431, 3432, 3433, 3442, 3452, 3460, 3490, 3515, 3789, 3790, 3794, 3795, 3796, 3797, 3803, 3846, 3848, 3849, 3850, 3851, 3852, 3855, 3856], "excluded_lines": [], "executed_branches": [[3126, 3142], [3164, 3166], [3166, 3167], [3166, 3195], [3168, 3169], [3188, 3195], [3195, 3217], [3217, 3220], [3223, 3224], [3223, 3230], [3248, 3249], [3251, 3253], [3251, 3338], [3338, 3339], [3352, 3353], [3355, 3367], [3399, 3400], [3415, 3416], [3421, 3422], [3429, 3469], [3483, 3484], [3487, 3488], [3514, 3521], [3528, 3529], [3528, 3544], [3564, 3567], [3564, 3644], [3644, 3646], [3644, 3775], [3648, 3650], [3648, 3743], [3698, 3702], [3716, 3717], [3721, 3722], [3721, 3735], [3788, 3792], [3793, 3798], [3802, 3805], [3837, 3838], [3837, 3840], [3840, 3841], [3845, 3860]], "missing_branches": [[3126, 3127], [3164, 3165], [3168, 3195], [3188, 3189], [3195, 3196], [3198, 3199], [3198, 3205], [3217, 3218], [3248, 3251], [3338, 3352], [3352, 3399], [3355, 3356], [3399, 3412], [3415, 3418], [3421, 3423], [3429, 3430], [3430, 3431], [3430, 3479], [3432, 3433], [3432, 3452], [3483, 3485], [3487, 3490], [3514, 3515], [3698, 3644], [3716, 3644], [3788, 3789], [3793, 3794], [3795, 3796], [3795, 3797], [3802, 3803], [3840, 3842], [3845, 3846], [3850, 3851], [3850, 3855]]}, "create_dispersion_map._clip_on_measured_line_metrics": {"executed_lines": [3874, 3876, 3877, 3878, 3881, 3882, 3883, 3884, 3885, 3886, 3887, 3888, 3890, 3892, 3893, 3894, 3898, 3902, 3907, 3915, 3916, 3924, 3925, 3933, 3934, 3942, 3943, 3952, 3963, 3976, 3977, 3978, 3979, 3981, 3989, 3990, 3993, 3994, 3995, 3996, 3997, 3998, 3999, 4000, 4003, 4008, 4009, 4017, 4018, 4020, 4031, 4042, 4043, 4044, 4045, 4048, 4049, 4050, 4051, 4052, 4053, 4054, 4055, 4058, 4059, 4067, 4069, 4080, 4081, 4082, 4083, 4085, 4096, 4099, 4100, 4101, 4102, 4103, 4104, 4105, 4106, 4109, 4110, 4111, 4119, 4121, 4132, 4133, 4134, 4135, 4137, 4148, 4151, 4152, 4153, 4154, 4155, 4156, 4157, 4158, 4160, 4162, 4164, 4165], "summary": {"covered_lines": 104, "num_statements": 107, "percent_covered": 94.69026548672566, "percent_covered_display": "94.69", "missing_lines": 3, "excluded_lines": 0, "num_branches": 6, "num_partial_branches": 3, "covered_branches": 3, "missing_branches": 3}, "missing_lines": [3895, 3896, 4161], "excluded_lines": [], "executed_branches": [[3886, 3887], [3898, 3902], [4160, 4162]], "missing_branches": [[3886, 3890], [3898, 4003], [4160, 4161]]}, "create_dispersion_map.update_static_line_list_detector_positions": {"executed_lines": [4179, 4181, 4182, 4183, 4184, 4187, 4188, 4189, 4190, 4191, 4193, 4194, 4195, 4202, 4203, 4204, 4205, 4206, 4207, 4208, 4210, 4217, 4218, 4229, 4231, 4233, 4234], "summary": {"covered_lines": 27, "num_statements": 27, "percent_covered": 100.0, "percent_covered_display": "100.00", "missing_lines": 0, "excluded_lines": 0, "num_branches": 6, "num_partial_branches": 0, "covered_branches": 6, "missing_branches": 0}, "missing_lines": [], "excluded_lines": [], "executed_branches": [[4194, 4195], [4194, 4231], [4205, 4206], [4205, 4207], [4207, 4208], [4207, 4210]], "missing_branches": []}, "create_dispersion_map.create_new_static_line_list": {"executed_lines": [4247, 4249, 4250, 4251, 4252, 4254, 4257, 4262, 4263, 4265, 4266, 4269, 4270, 4272, 4278, 4287, 4288, 4296, 4297, 4299, 4300, 4301, 4305, 4306, 4307, 4308, 4309, 4311, 4312, 4313, 4320, 4321, 4329, 4330, 4331, 4332, 4333, 4334, 4335, 4337, 4344, 4345, 4357, 4359, 4361, 4363, 4365, 4371, 4372], "summary": {"covered_lines": 49, "num_statements": 51, "percent_covered": 95.08196721311475, "percent_covered_display": "95.08", "missing_lines": 2, "excluded_lines": 0, "num_branches": 10, "num_partial_branches": 1, "covered_branches": 9, "missing_branches": 1}, "missing_lines": [4315, 4316], "excluded_lines": [], "executed_branches": [[4297, 4299], [4297, 4359], [4311, 4312], [4320, 4297], [4320, 4321], [4332, 4333], [4332, 4334], [4334, 4335], [4334, 4337]], "missing_branches": [[4311, 4315]]}, "measure_line_position": {"executed_lines": [4407, 4409, 4410, 4411, 4412, 4415, 4418, 4427, 4430, 4433, 4436, 4437, 4447, 4452, 4453, 4454, 4455, 4456, 4457, 4459, 4460, 4471, 4473, 4475, 4476, 4485, 4486, 4487, 4490, 4491, 4492, 4493, 4494, 4495, 4498, 4499, 4500, 4501, 4502, 4503, 4504, 4505, 4508, 4509, 4510, 4511, 4512, 4513, 4516, 4525, 4526, 4529, 4530, 4531, 4543, 4544, 4546, 4547, 4550, 4575, 4576], "summary": {"covered_lines": 61, "num_statements": 65, "percent_covered": 93.97590361445783, "percent_covered_display": "93.98", "missing_lines": 4, "excluded_lines": 0, "num_branches": 18, "num_partial_branches": 1, "covered_branches": 17, "missing_branches": 1}, "missing_lines": [4448, 4449, 4541, 4542], "excluded_lines": [], "executed_branches": [[4471, 4473], [4473, 4475], [4473, 4490], [4475, 4476], [4475, 4550], [4485, 4486], [4485, 4487], [4490, 4491], [4490, 4508], [4491, 4492], [4491, 4516], [4498, 4491], [4498, 4499], [4525, 4526], [4525, 4529], [4529, 4530], [4529, 4546]], "missing_branches": [[4471, 4575]]}, "straighten_mph_sets": {"executed_lines": [4591, 4594, 4595, 4598, 4599, 4606, 4607, 4610, 4611, 4612, 4615, 4660], "summary": {"covered_lines": 12, "num_statements": 12, "percent_covered": 100.0, "percent_covered_display": "100.00", "missing_lines": 0, "excluded_lines": 0, "num_branches": 0, "num_partial_branches": 0, "covered_branches": 0, "missing_branches": 0}, "missing_lines": [], "excluded_lines": [], "executed_branches": [], "missing_branches": []}, "_plot_slit_index_comparisons": {"executed_lines": [], "summary": {"covered_lines": 0, "num_statements": 49, "percent_covered": 0.0, "percent_covered_display": "0.00", "missing_lines": 49, "excluded_lines": 0, "num_branches": 8, "num_partial_branches": 0, "covered_branches": 0, "missing_branches": 8}, "missing_lines": [4671, 4672, 4674, 4675, 4676, 4677, 4678, 4679, 4680, 4683, 4684, 4685, 4687, 4688, 4689, 4690, 4691, 4692, 4693, 4694, 4695, 4696, 4697, 4698, 4705, 4706, 4707, 4708, 4709, 4710, 4711, 4712, 4714, 4715, 4716, 4717, 4718, 4719, 4720, 4721, 4722, 4723, 4724, 4732, 4739, 4740, 4741, 4742, 4743], "excluded_lines": [], "executed_branches": [], "missing_branches": [[4690, 4691], [4690, 4714], [4720, 4721], [4720, 4739], [4721, 4722], [4721, 4732], [4739, 4740], [4739, 4741]]}, "find_largest_cluster_center": {"executed_lines": [4761, 4762, 4765, 4766, 4767, 4770, 4772, 4774, 4777, 4778, 4779, 4780, 4782], "summary": {"covered_lines": 13, "num_statements": 13, "percent_covered": 100.0, "percent_covered_display": "100.00", "missing_lines": 0, "excluded_lines": 0, "num_branches": 2, "num_partial_branches": 0, "covered_branches": 2, "missing_branches": 0}, "missing_lines": [], "excluded_lines": [], "executed_branches": [[4772, 4774], [4772, 4777]], "missing_branches": []}, "": {"executed_lines": [3, 33, 38, 41, 42, 43, 44, 45, 46, 47, 48, 49, 50, 51, 53, 56, 57, 100, 166, 200, 217, 225, 232, 236, 247, 256, 267, 285, 309, 328, 354, 388, 404, 455, 478, 511, 540, 605, 632, 1018, 1057, 1069, 1081, 1093, 1134, 1150, 1156, 1233, 1254, 1282, 1294, 1321, 1385, 1418, 1462, 1575, 1737, 2108, 2184, 2559, 2686, 2833, 2926, 3074, 3863, 4167, 4236, 4378, 4579, 4663, 4746], "summary": {"covered_lines": 69, "num_statements": 69, "percent_covered": 100.0, "percent_covered_display": "100.00", "missing_lines": 0, "excluded_lines": 0, "num_branches": 0, "num_partial_branches": 0, "covered_branches": 0, "missing_branches": 0}, "missing_lines": [], "excluded_lines": [], "executed_branches": [], "missing_branches": []}}, "classes": {"create_dispersion_map": {"executed_lines": [118, 119, 121, 122, 125, 144, 147, 150, 153, 156, 159, 162, 164, 185, 186, 187, 188, 189, 190, 191, 192, 193, 194, 195, 196, 197, 198, 202, 205, 206, 209, 210, 211, 212, 215, 219, 220, 221, 222, 223, 227, 228, 230, 234, 238, 239, 242, 245, 249, 250, 251, 253, 254, 258, 260, 270, 271, 272, 273, 274, 277, 278, 281, 283, 287, 288, 291, 294, 303, 304, 305, 307, 330, 333, 334, 337, 341, 344, 350, 352, 357, 358, 359, 361, 363, 364, 367, 369, 370, 373, 374, 376, 377, 380, 383, 384, 386, 390, 393, 396, 399, 400, 402, 413, 416, 418, 419, 425, 431, 433, 434, 458, 459, 462, 463, 464, 465, 466, 468, 469, 470, 473, 474, 476, 480, 481, 484, 493, 494, 501, 509, 514, 515, 516, 517, 520, 521, 522, 523, 529, 530, 534, 535, 536, 538, 542, 543, 546, 547, 549, 550, 551, 554, 561, 570, 575, 581, 582, 585, 587, 591, 596, 603, 608, 610, 611, 612, 613, 615, 616, 617, 618, 620, 621, 622, 625, 626, 627, 628, 630, 648, 650, 651, 652, 653, 654, 657, 660, 661, 662, 663, 666, 669, 671, 672, 674, 677, 678, 680, 682, 686, 687, 688, 689, 692, 701, 711, 714, 717, 718, 719, 722, 725, 728, 730, 751, 753, 754, 757, 762, 765, 770, 787, 792, 794, 801, 807, 810, 813, 814, 816, 817, 820, 821, 822, 823, 824, 825, 826, 827, 828, 829, 830, 833, 835, 837, 843, 846, 849, 850, 855, 856, 857, 860, 869, 870, 900, 902, 904, 906, 907, 910, 913, 916, 925, 926, 929, 932, 934, 935, 937, 942, 944, 946, 948, 970, 971, 976, 977, 978, 995, 1004, 1015, 1016, 1025, 1027, 1028, 1029, 1032, 1035, 1038, 1041, 1044, 1047, 1048, 1051, 1052, 1054, 1055, 1059, 1060, 1062, 1063, 1064, 1065, 1067, 1071, 1073, 1074, 1075, 1077, 1079, 1083, 1085, 1086, 1087, 1090, 1091, 1096, 1099, 1100, 1101, 1103, 1104, 1105, 1106, 1110, 1111, 1112, 1113, 1117, 1118, 1119, 1120, 1125, 1126, 1127, 1130, 1132, 1138, 1139, 1140, 1141, 1143, 1144, 1145, 1146, 1148, 1152, 1153, 1154, 1158, 1159, 1161, 1164, 1165, 1166, 1169, 1170, 1171, 1172, 1173, 1178, 1184, 1185, 1186, 1187, 1194, 1201, 1210, 1216, 1219, 1222, 1223, 1226, 1229, 1231, 1236, 1237, 1240, 1241, 1244, 1245, 1246, 1249, 1250, 1252, 1284, 1285, 1286, 1287, 1289, 1290, 1292, 1296, 1298, 1300, 1323, 1324, 1327, 1361, 1362, 1365, 1366, 1367, 1370, 1371, 1376, 1379, 1380, 1381, 1383, 1387, 1388, 1390, 1391, 1393, 1394, 1396, 1420, 1421, 1423, 1433, 1434, 1435, 1437, 1438, 1440, 1487, 1489, 1490, 1491, 1494, 1497, 1498, 1501, 1502, 1503, 1510, 1511, 1512, 1513, 1516, 1522, 1535, 1538, 1542, 1562, 1563, 1564, 1565, 1566, 1569, 1570, 1572, 1573, 1590, 1592, 1593, 1594, 1595, 1596, 1597, 1598, 1599, 1601, 1602, 1606, 1607, 1608, 1609, 1610, 1611, 1612, 1613, 1614, 1615, 1616, 1617, 1633, 1634, 1635, 1636, 1637, 1638, 1639, 1640, 1641, 1642, 1643, 1644, 1659, 1662, 1665, 1666, 1667, 1668, 1671, 1672, 1673, 1674, 1675, 1676, 1677, 1678, 1681, 1686, 1687, 1690, 1691, 1694, 1695, 1696, 1697, 1698, 1699, 1702, 1703, 1704, 1705, 1707, 1711, 1734, 1735, 1768, 1770, 1771, 1773, 1775, 1778, 1786, 1787, 1788, 1789, 1790, 1791, 1793, 1801, 1812, 1813, 1815, 1816, 1824, 1833, 1834, 1835, 1836, 1837, 1839, 1840, 1841, 1842, 1844, 1845, 1846, 1847, 1849, 1854, 1855, 1858, 1863, 1864, 1867, 1870, 1871, 1872, 1874, 1881, 1882, 1883, 1884, 1885, 1886, 1887, 1888, 1889, 1890, 1891, 1892, 1896, 1921, 1923, 1948, 1949, 1974, 1977, 1978, 1979, 1980, 1981, 1982, 1983, 1984, 1985, 1986, 1987, 1988, 1989, 1990, 1991, 1992, 1994, 1995, 1996, 1997, 1998, 1999, 2004, 2023, 2025, 2027, 2048, 2050, 2071, 2080, 2081, 2082, 2083, 2105, 2106, 2109, 2110, 2111, 2112, 2113, 2115, 2118, 2121, 2122, 2124, 2125, 2129, 2130, 2132, 2136, 2137, 2140, 2141, 2143, 2144, 2146, 2151, 2152, 2154, 2156, 2157, 2158, 2173, 2176, 2179, 2180, 2182, 2202, 2205, 2206, 2207, 2208, 2210, 2211, 2212, 2213, 2214, 2216, 2217, 2219, 2222, 2230, 2231, 2232, 2233, 2234, 2235, 2237, 2238, 2239, 2240, 2241, 2242, 2243, 2244, 2245, 2246, 2247, 2248, 2250, 2258, 2267, 2268, 2269, 2270, 2271, 2272, 2274, 2276, 2278, 2281, 2282, 2287, 2288, 2289, 2290, 2291, 2294, 2296, 2309, 2311, 2312, 2319, 2320, 2323, 2325, 2326, 2333, 2334, 2336, 2337, 2349, 2353, 2354, 2355, 2356, 2359, 2361, 2363, 2364, 2365, 2366, 2367, 2370, 2371, 2374, 2382, 2383, 2391, 2392, 2397, 2399, 2407, 2408, 2418, 2419, 2420, 2421, 2422, 2423, 2425, 2428, 2429, 2437, 2438, 2446, 2447, 2455, 2456, 2466, 2474, 2475, 2483, 2484, 2489, 2491, 2499, 2500, 2501, 2516, 2517, 2518, 2521, 2522, 2523, 2525, 2527, 2529, 2530, 2532, 2533, 2539, 2540, 2542, 2543, 2545, 2556, 2557, 2579, 2581, 2582, 2584, 2585, 2588, 2591, 2594, 2595, 2596, 2597, 2599, 2600, 2601, 2603, 2604, 2605, 2606, 2607, 2609, 2610, 2611, 2616, 2617, 2618, 2619, 2620, 2623, 2626, 2627, 2628, 2629, 2630, 2637, 2638, 2643, 2644, 2645, 2650, 2655, 2656, 2657, 2663, 2666, 2683, 2684, 2704, 2706, 2707, 2708, 2709, 2710, 2711, 2713, 2715, 2716, 2717, 2718, 2720, 2722, 2726, 2727, 2729, 2730, 2735, 2741, 2742, 2747, 2748, 2774, 2775, 2777, 2779, 2780, 2781, 2782, 2784, 2785, 2787, 2788, 2789, 2792, 2793, 2795, 2798, 2799, 2800, 2801, 2802, 2803, 2804, 2805, 2806, 2807, 2808, 2815, 2830, 2831, 2851, 2853, 2854, 2856, 2857, 2859, 2863, 2864, 2866, 2867, 2869, 2870, 2871, 2874, 2876, 2878, 2879, 2880, 2881, 2884, 2885, 2887, 2888, 2891, 2901, 2902, 2923, 2924, 2951, 2953, 2954, 2958, 2963, 2966, 2974, 2975, 2976, 2977, 2978, 2983, 2984, 2985, 2986, 2987, 2991, 2992, 2993, 3000, 3003, 3006, 3009, 3016, 3019, 3025, 3026, 3027, 3032, 3033, 3034, 3035, 3036, 3037, 3038, 3044, 3069, 3071, 3072, 3107, 3109, 3110, 3111, 3112, 3113, 3114, 3116, 3117, 3118, 3120, 3121, 3123, 3126, 3
[...]
, "covered_branches": 0, "missing_branches": 0}, "missing_lines": [593, 594, 595, 597, 599, 614, 615, 623, 624, 626], "excluded_lines": [], "executed_branches": [], "missing_branches": []}, "": {"executed_lines": [3, 14, 15, 16, 17, 18, 19, 21, 24, 25, 48, 126, 197, 578], "summary": {"covered_lines": 12, "num_statements": 12, "percent_covered": 100.0, "percent_covered_display": "100.00", "missing_lines": 0, "excluded_lines": 0, "num_branches": 0, "num_partial_branches": 0, "covered_branches": 0, "missing_branches": 0}, "missing_lines": [], "excluded_lines": [], "executed_branches": [], "missing_branches": []}}, "classes": {"soxs_spatial_solution": {"executed_lines": [62, 73, 74, 75, 76, 77, 78, 79, 80, 82, 95, 97, 103, 107, 108, 109, 110, 111, 114, 115, 116, 117, 118, 122, 124, 131, 133, 135, 138, 140, 142, 143, 144, 147, 148, 149, 155, 157, 161, 165, 171, 172, 173, 174, 176, 177, 182, 183, 185, 186, 187, 188, 189, 190, 191, 193, 194, 195, 216, 218, 219, 220, 221, 222, 229, 230, 231, 233, 235, 236, 237, 238, 239, 241, 242, 243, 254, 255, 267, 268, 271, 283, 284, 285, 296, 297, 304, 305, 306, 316, 319, 320, 321, 327, 328, 340, 344, 347, 348, 350, 351, 352, 354, 356, 366, 376, 378, 390, 392, 403, 465, 472, 477, 501, 503, 505, 507, 508, 510, 532, 533, 534, 557, 571, 572, 574, 575], "summary": {"covered_lines": 127, "num_statements": 174, "percent_covered": 69.08396946564885, "percent_covered_display": "69.08", "missing_lines": 47, "excluded_lines": 0, "num_branches": 88, "num_partial_branches": 24, "covered_branches": 54, "missing_branches": 34}, "missing_lines": [83, 84, 85, 86, 87, 88, 145, 158, 159, 162, 163, 166, 167, 168, 256, 270, 272, 302, 326, 329, 342, 355, 368, 393, 394, 401, 404, 406, 407, 408, 410, 411, 412, 413, 414, 417, 439, 441, 444, 463, 466, 467, 468, 469, 470, 473, 474], "excluded_lines": [], "executed_branches": [[82, 95], [115, 116], [140, 142], [140, 171], [142, 143], [143, 144], [143, 147], [144, 143], [147, 148], [148, 149], [148, 157], [149, 155], [157, 161], [161, 165], [165, 185], [171, 172], [172, 173], [172, 176], [173, 172], [173, 174], [176, 177], [176, 185], [177, 182], [177, 185], [182, 177], [182, 183], [185, 186], [185, 193], [242, 243], [242, 254], [255, 267], [267, 268], [271, 283], [284, 285], [284, 296], [296, 297], [304, 305], [304, 316], [305, 304], [305, 306], [320, 321], [327, 328], [327, 340], [328, 327], [340, 344], [351, 352], [351, 354], [354, 356], [366, 376], [392, 403], [403, 465], [465, 472], [472, 477], [532, 533]], "missing_branches": [[82, 83], [87, 88], [87, 95], [115, 122], [142, 147], [144, 145], [147, 157], [149, 148], [157, 158], [158, 159], [158, 161], [161, 162], [162, 163], [162, 165], [165, 166], [166, 167], [166, 185], [167, 166], [167, 168], [171, 176], [255, 256], [267, 270], [271, 272], [296, 302], [320, 326], [328, 329], [340, 342], [354, 355], [366, 368], [392, 393], [403, 404], [465, 466], [472, 473], [532, 557]]}, "": {"executed_lines": [3, 14, 15, 16, 17, 18, 19, 21, 24, 25, 48, 126, 197, 578], "summary": {"covered_lines": 12, "num_statements": 22, "percent_covered": 54.54545454545455, "percent_covered_display": "54.55", "missing_lines": 10, "excluded_lines": 0, "num_branches": 0, "num_partial_branches": 0, "covered_branches": 0, "missing_branches": 0}, "missing_lines": [593, 594, 595, 597, 599, 614, 615, 623, 624, 626], "excluded_lines": [], "executed_branches": [], "missing_branches": []}}}, "soxspipe/recipes/soxs_stare.py": {"executed_lines": [3, 14, 15, 16, 17, 22, 23, 24, 25, 27, 30, 31, 52, 64, 75, 76, 77, 78, 79, 80, 86, 88, 89, 93, 94, 95, 96, 97, 100, 101, 102, 103, 107, 110, 111, 115, 117, 119, 128, 130, 132, 135, 136, 138, 139, 140, 148, 150, 151, 154, 155, 156, 163, 165, 166, 169, 170, 171, 180, 182, 183, 184, 185, 191, 192, 193, 194, 195, 196, 197, 199, 200, 201, 203, 222, 224, 225, 226, 227, 229, 230, 231, 233, 234, 235, 236, 238, 241, 245, 246, 247, 248, 257, 260, 261, 265, 266, 267, 276, 277, 280, 281, 285, 286, 287, 296, 298, 299, 303, 304, 305, 314, 315, 316, 318, 319, 321, 322, 326, 327, 328, 337, 338, 340, 346, 348, 349, 361, 362, 373, 375, 376, 387, 401, 402, 414, 415, 418, 419, 424, 425, 428, 429, 430, 432, 433, 435, 436, 437, 441, 450, 452, 454, 468, 470, 484, 492, 501, 502, 509, 510, 511, 534, 535, 541, 542, 564, 566, 567, 573, 574, 597, 604, 613, 614, 616, 617, 622, 624, 625, 628, 629, 633, 635, 652, 655, 657, 658, 659, 661, 663, 665, 666, 681, 682, 684, 686, 688, 706, 709, 711, 712, 724, 726, 728, 745, 746, 747, 748, 750, 751, 752, 753, 754, 755, 772, 773, 775, 776], "summary": {"covered_lines": 217, "num_statements": 238, "percent_covered": 87.42331288343559, "percent_covered_display": "87.42", "missing_lines": 21, "excluded_lines": 0, "num_branches": 88, "num_partial_branches": 18, "covered_branches": 68, "missing_branches": 20}, "missing_lines": [113, 149, 152, 164, 350, 363, 377, 388, 389, 390, 403, 438, 439, 493, 494, 495, 496, 497, 618, 619, 620], "excluded_lines": [], "executed_branches": [[101, 102], [110, 111], [138, 139], [138, 169], [139, 140], [148, 150], [150, 151], [150, 154], [151, 150], [154, 155], [155, 156], [155, 191], [163, 165], [165, 166], [169, 170], [170, 171], [170, 182], [171, 170], [171, 180], [182, 183], [182, 191], [183, 184], [183, 191], [184, 183], [184, 185], [191, 192], [191, 199], [246, 247], [246, 260], [247, 246], [247, 248], [260, 261], [260, 280], [266, 267], [266, 280], [280, 281], [280, 298], [286, 287], [286, 298], [298, 299], [298, 318], [304, 305], [304, 315], [318, 319], [318, 321], [321, 322], [321, 340], [327, 328], [327, 338], [349, 361], [362, 373], [373, 375], [376, 387], [387, 401], [402, 414], [436, 437], [468, 470], [468, 613], [492, 501], [616, 617], [616, 624], [617, 622], [658, 659], [658, 686], [686, 688], [686, 726], [745, 746], [745, 772]], "missing_branches": [[101, 107], [110, 113], [139, 154], [148, 149], [151, 152], [154, 191], [163, 164], [165, 155], [169, 182], [349, 350], [362, 363], [373, 387], [376, 377], [387, 388], [389, 390], [389, 401], [402, 403], [436, 441], [492, 493], [617, 618]], "functions": {"soxs_stare.__init__": {"executed_lines": [64, 75, 76, 77, 78, 79, 80, 86, 88, 89, 93, 94, 95, 96, 97, 100, 101, 102, 103, 107, 110, 111, 115, 117], "summary": {"covered_lines": 24, "num_statements": 25, "percent_covered": 89.65517241379311, "percent_covered_display": "89.66", "missing_lines": 1, "excluded_lines": 0, "num_branches": 4, "num_partial_branches": 2, "covered_branches": 2, "missing_branches": 2}, "missing_lines": [113], "excluded_lines": [], "executed_branches": [[101, 102], [110, 111]], "missing_branches": [[101, 107], [110, 113]]}, "soxs_stare.verify_input_frames": {"executed_lines": [128, 130, 132, 135, 136, 138, 139, 140, 148, 150, 151, 154, 155, 156, 163, 165, 166, 169, 170, 171, 180, 182, 183, 184, 185, 191, 192, 193, 194, 195, 196, 197, 199, 200, 201], "summary": {"covered_lines": 35, "num_statements": 38, "percent_covered": 85.71428571428571, "percent_covered_display": "85.71", "missing_lines": 3, "excluded_lines": 0, "num_branches": 32, "num_partial_branches": 7, "covered_branches": 25, "missing_branches": 7}, "missing_lines": [149, 152, 164], "excluded_lines": [], "executed_branches": [[138, 139], [138, 169], [139, 140], [148, 150], [150, 151], [150, 154], [151, 150], [154, 155], [155, 156], [155, 191], [163, 165], [165, 166], [169, 170], [170, 171], [170, 182], [171, 170], [171, 180], [182, 183], [182, 191], [183, 184], [183, 191], [184, 183], [184, 185], [191, 192], [191, 199]], "missing_branches": [[139, 154], [148, 149], [151, 152], [154, 191], [163, 164], [165, 155], [169, 182]]}, "soxs_stare.produce_product": {"executed_lines": [222, 224, 225, 226, 227, 229, 230, 231, 233, 234, 235, 236, 238, 241, 245, 246, 247, 248, 257, 260, 261, 265, 266, 267, 276, 277, 280, 281, 285, 286, 287, 296, 298, 299, 303, 304, 305, 314, 315, 316, 318, 319, 321, 322, 326, 327, 328, 337, 338, 340, 346, 348, 349, 361, 362, 373, 375, 376, 387, 401, 402, 414, 415, 418, 419, 424, 425, 428, 429, 430, 432, 433, 435, 436, 437, 441, 450, 452, 454, 468, 470, 484, 492, 501, 502, 509, 510, 511, 534, 535, 541, 542, 564, 566, 567, 573, 574, 597, 604, 613, 614, 616, 617, 622, 624, 625, 628, 629, 633, 635, 652, 655, 657, 658, 659, 661, 663, 665, 666, 681, 682, 684, 686, 688, 706, 709, 711, 712, 724, 726, 728, 745, 746, 747, 748, 750, 751, 752, 753, 754, 755, 772, 773, 775, 776], "summary": {"covered_lines": 145, "num_statements": 162, "percent_covered": 86.91588785046729, "percent_covered_display": "86.92", "missing_lines": 17, "excluded_lines": 0, "num_branches": 52, "num_partial_branches": 9, "covered_branches": 41, "missing_branches": 11}, "missing_lines": [350, 363, 377, 388, 389, 390, 403, 438, 439, 493, 494, 495, 496, 497, 618, 619, 620], "excluded_lines": [], "executed_branches": [[246, 247], [246, 260], [247, 246], [247, 248], [260, 261], [260, 280], [266, 267], [266, 280], [280, 281], [280, 298], [286, 287], [286, 298], [298, 299], [298, 318], [304, 305], [304, 315], [318, 319], [318, 321], [321, 322], [321, 340], [327, 328], [327, 338], [349, 361], [362, 373], [373, 375], [376, 387], [387, 401], [402, 414], [436, 437], [468, 470], [468, 613], [492, 501], [616, 617], [616, 624], [617, 622], [658, 659], [658, 686], [686, 688], [686, 726], [745, 746], [745, 772]], "missing_branches": [[349, 350], [362, 363], [373, 387], [376, 377], [387, 388], [389, 390], [389, 401], [402, 403], [436, 441], [492, 493], [617, 618]]}, "": {"executed_lines": [3, 14, 15, 16, 17, 22, 23, 24, 25, 27, 30, 31, 52, 119, 203], "summary": {"covered_lines": 13, "num_statements": 13, "percent_covered": 100.0, "percent_covered_display": "100.00", "missing_lines": 0, "excluded_lines": 0, "num_branches": 0, "num_partial_branches": 0, "covered_branches": 0, "missing_branches": 0}, "missing_lines": [], "excluded_lines": [], "executed_branches": [], "missing_branches": []}}, "classes": {"soxs_stare": {"executed_lines": [64, 75, 76, 77, 78, 79, 80, 86, 88, 89, 93, 94, 95, 96, 97, 100, 101, 102, 103, 107, 110, 111, 115, 117, 128, 130, 132, 135, 136, 138, 139, 140, 148, 150, 151, 154, 155, 156, 163, 165, 166, 169, 170, 171, 180, 182, 183, 184, 185, 191, 192, 193, 194, 195, 196, 197, 199, 200, 201, 222, 224, 225, 226, 227, 229, 230, 231, 233, 234, 235, 236, 238, 241, 245, 246, 247, 248, 257, 260, 261, 265, 266, 267, 276, 277, 280, 281, 285, 286, 287, 296, 298, 299, 303, 304, 305, 314, 315, 316, 318, 319, 321, 322, 326, 327, 328, 337, 338, 340, 346, 348, 349, 361, 362, 373, 375, 376, 387, 401, 402, 414, 415, 418, 419, 424, 425, 428, 429, 430, 432, 433, 435, 436, 437, 441, 450, 452, 454, 468, 470, 484, 492, 501, 502, 509, 510, 511, 534, 535, 541, 542, 564, 566, 567, 573, 574, 597, 604, 613, 614, 616, 617, 622, 624, 625, 628, 629, 633, 635, 652, 655, 657, 658, 659, 661, 663, 665, 666, 681, 682, 684, 686, 688, 706, 709, 711, 712, 724, 726, 728, 745, 746, 747, 748, 750, 751, 752, 753, 754, 755, 772, 773, 775, 776], "summary": {"covered_lines": 204, "num_statements": 225, "percent_covered": 86.90095846645367, "percent_covered_display": "86.90", "missing_lines": 21, "excluded_lines": 0, "num_branches": 88, "num_partial_branches": 18, "covered_branches": 68, "missing_branches": 20}, "missing_lines": [113, 149, 152, 164, 350, 363, 377, 388, 389, 390, 403, 438, 439, 493, 494, 495, 496, 497, 618, 619, 620], "excluded_lines": [], "executed_branches": [[101, 102], [110, 111], [138, 139], [138, 169], [139, 140], [148, 150], [150, 151], [150, 154], [151, 150], [154, 155], [155, 156], [155, 191], [163, 165], [165, 166], [169, 170], [170, 171], [170, 182], [171, 170], [171, 180], [182, 183], [182, 191], [183, 184], [183, 191], [184, 183], [184, 185], [191, 192], [191, 199], [246, 247], [246, 260], [247, 246], [247, 248], [260, 261], [260, 280], [266, 267], [266, 280], [280, 281], [280, 298], [286, 287], [286, 298], [298, 299], [298, 318], [304, 305], [304, 315], [318, 319], [318, 321], [321, 322], [321, 340], [327, 328], [327, 338], [349, 361], [362, 373], [373, 375], [376, 387], [387, 401], [402, 414], [436, 437], [468, 470], [468, 613], [492, 501], [616, 617], [616, 624], [617, 622], [658, 659], [658, 686], [686, 688], [686, 726], [745, 746], [745, 772]], "missing_branches": [[101, 107], [110, 113], [139, 154], [148, 149], [151, 152], [154, 191], [163, 164], [165, 155], [169, 182], [349, 350], [362, 363], [373, 387], [376, 377], [387, 388], [389, 390], [389, 401], [402, 403], [436, 441], [492, 493], [617, 618]]}, "": {"executed_lines": [3, 14, 15, 16, 17, 22, 23, 24, 25, 27, 30, 31, 52, 119, 203], "summary": {"covered_lines": 13, "num_statements": 13, "percent_covered": 100.0, "percent_covered_display": "100.00", "missing_lines": 0, "excluded_lines": 0, "num_branches": 0, "num_partial_branches": 0, "covered_branches": 0, "missing_branches": 0}, "missing_lines": [], "excluded_lines": [], "executed_branches": [], "missing_branches": []}}}, "soxspipe/recipes/soxs_straighten.py": {"executed_lines": [3, 14, 15, 16, 17, 18, 19, 20, 22, 25, 26, 34, 46, 57, 58, 59, 60, 61, 66, 68, 74, 78, 79, 80, 81, 82, 85, 86, 87, 88, 89, 93, 95, 97, 106, 108, 110, 113, 142, 143, 144, 148, 156, 157, 158, 160, 179, 181, 182, 183, 185, 189, 193, 194, 196, 197], "summary": {"covered_lines": 54, "num_statements": 60, "percent_covered": 87.87878787878788, "percent_covered_display": "87.88", "missing_lines": 6, "excluded_lines": 0, "num_branches": 6, "num_partial_branches": 2, "covered_branches": 4, "missing_branches": 2}, "missing_lines": [149, 150, 151, 152, 153, 154], "excluded_lines": [], "executed_branches": [[86, 87], [143, 144], [143, 148], [148, 156]], "missing_branches": [[86, 93], [148, 149]], "functions": {"soxs_straighten.__init__": {"executed_lines": [46, 57, 58, 59, 60, 61, 66, 68, 74, 78, 79, 80, 81, 82, 85, 86, 87, 88, 89, 93, 95], "summary": {"covered_lines": 21, "num_statements": 21, "percent_covered": 95.65217391304348, "percent_covered_display": "95.65", "missing_lines": 0, "excluded_lines": 0, "num_branches": 2, "num_partial_branches": 1, "covered_branches": 1, "missing_branches": 1}, "missing_lines": [], "excluded_lines": [], "executed_branches": [[86, 87]], "missing_branches": [[86, 93]]}, "soxs_straighten.verify_input_frames": {"executed_lines": [106, 108, 110, 113, 142, 143, 144, 148, 156, 157, 158], "summary": {"covered_lines": 11, "num_statements": 17, "percent_covered": 66.66666666666667, "percent_covered_display": "66.67", "missing_lines": 6, "excluded_lines": 0, "num_branches": 4, "num_partial_branches": 1, "covered_branches": 3, "missing_branches": 1}, "missing_lines": [149, 150, 151, 152, 153, 154], "excluded_lines": [], "executed_branches": [[143, 144], [143, 148], [148, 156]], "missing_branches": [[148, 149]]}, "soxs_straighten.produce_product": {"executed_lines": [179, 181, 182, 183, 185, 189, 193, 194, 196, 197], "summary": {"covered_lines": 10, "num_statements": 10, "percent_covered": 100.0, "percent_covered_display": "100.00", "missing_lines": 0, "excluded_lines": 0, "num_branches": 0, "num_partial_branches": 0, "covered_branches": 0, "missing_branches": 0}, "missing_lines": [], "excluded_lines": [], "executed_branches": [], "missing_branches": []}, "": {"executed_lines": [3, 14, 15, 16, 17, 18, 19, 20, 22, 25, 26, 34, 97, 160], "summary": {"covered_lines": 12, "num_statements": 12, "percent_covered": 100.0, "percent_covered_display": "100.00", "missing_lines": 0, "excluded_lines": 0, "num_branches": 0, "num_partial_branches": 0, "covered_branches": 0, "missing_branches": 0}, "missing_lines": [], "excluded_lines": [], "executed_branches": [], "missing_branches": []}}, "classes": {"soxs_straighten": {"executed_lines": [46, 57, 58, 59, 60, 61, 66, 68, 74, 78, 79, 80, 81, 82, 85, 86, 87, 88, 89, 93, 95, 106, 108, 110, 113, 142, 143, 144, 148, 156, 157, 158, 179, 181, 182, 183, 185, 189, 193, 194, 196, 197], "summary": {"covered_lines": 42, "num_statements": 48, "percent_covered": 85.18518518518519, "percent_covered_display": "85.19", "missing_lines": 6, "excluded_lines": 0, "num_branches": 6, "num_partial_branches": 2, "covered_branches": 4, "missing_branches": 2}, "missing_lines": [149, 150, 151, 152, 153, 154], "excluded_lines": [], "executed_branches": [[86, 87], [143, 144], [143, 148], [148, 156]], "missing_branches": [[86, 93], [148, 149]]}, "": {"executed_lines": [3, 14, 15, 16, 17, 18, 19, 20, 22, 25, 26, 34, 97, 160], "summary": {"covered_lines": 12, "num_statements": 12, "percent_covered": 100.0, "percent_covered_display": "100.00", "missing_lines": 0, "excluded_lines": 0, "num_branches": 0, "num_partial_branches": 0, "covered_branches": 0, "missing_branches": 0}, "missing_lines": [], "excluded_lines": [], "executed_branches": [], "missing_branches": []}}}, "soxspipe/utKit.py": {"executed_lines": [1, 5, 10, 11, 19, 20, 24, 25, 28, 51, 52, 53, 61, 63, 71, 73, 75, 77], "summary": {"covered_lines": 16, "num_statements": 22, "percent_covered": 75.0, "percent_covered_display": "75.00", "missing_lines": 6, "excluded_lines": 0, "num_branches": 2, "num_partial_branches": 0, "covered_branches": 2, "missing_branches": 0}, "missing_lines": [81, 82, 84, 85, 93, 94], "excluded_lines": [], "executed_branches": [[52, 53], [52, 61]], "missing_branches": [], "functions": {"utKit.__init__": {"executed_lines": [20, 24, 25, 28, 51, 52, 53, 61], "summary": {"covered_lines": 8, "num_statements": 8, "percent_covered": 100.0, "percent_covered_display": "100.00", "missing_lines": 0, "excluded_lines": 0, "num_branches": 2, "num_partial_branches": 0, "covered_branches": 2, "missing_branches": 0}, "missing_lines": [], "excluded_lines": [], "executed_branches": [[52, 53], [52, 61]], "missing_branches": []}, "utKit.get_project_root": {"executed_lines": [71, 73, 75], "summary": {"covered_lines": 3, "num_statements": 3, "percent_covered": 100.0, "percent_covered_display": "100.00", "missing_lines": 0, "excluded_lines": 0, "num_branches": 0, "num_partial_branches": 0, "covered_branches": 0, "missing_branches": 0}, "missing_lines": [], "excluded_lines": [], "executed_branches": [], "missing_branches": []}, "utKit.refresh_database": {"executed_lines": [], "summary": {"covered_lines": 0, "num_statements": 6, "percent_covered": 0.0, "percent_covered_display": "0.00", "missing_lines": 6, "excluded_lines": 0, "num_branches": 0, "num_partial_branches": 0, "covered_branches": 0, "missing_branches": 0}, "missing_lines": [81, 82, 84, 85, 93, 94], "excluded_lines": [], "executed_branches": [], "missing_branches": []}, "": {"executed_lines": [1, 5, 10, 11, 19, 63, 77], "summary": {"covered_lines": 5, "num_statements": 5, "percent_covered": 100.0, "percent_covered_display": "100.00", "missing_lines": 0, "excluded_lines": 0, "num_branches": 0, "num_partial_branches": 0, "covered_branches": 0, "missing_branches": 0}, "missing_lines": [], "excluded_lines": [], "executed_branches": [], "missing_branches": []}}, "classes": {"utKit": {"executed_lines": [20, 24, 25, 28, 51, 52, 53, 61, 71, 73, 75], "summary": {"covered_lines": 11, "num_statements": 17, "percent_covered": 68.42105263157895, "percent_covered_display": "68.42", "missing_lines": 6, "excluded_lines": 0, "num_branches": 2, "num_partial_branches": 0, "covered_branches": 2, "missing_branches": 0}, "missing_lines": [81, 82, 84, 85, 93, 94], "excluded_lines": [], "executed_branches": [[52, 53], [52, 61]], "missing_branches": []}, "": {"executed_lines": [1, 5, 10, 11, 19, 63, 77], "summary": {"covered_lines": 5, "num_statements": 5, "percent_covered": 100.0, "percent_covered_display": "100.00", "missing_lines": 0, "excluded_lines": 0, "num_branches": 0, "num_partial_branches": 0, "covered_branches": 0, "missing_branches": 0}, "missing_lines": [], "excluded_lines": [], "executed_branches": [], "missing_branches": []}}}}, "totals": {"covered_lines": 9984, "num_statements": 12233, "percent_covered": 78.33046361839169, "percent_covered_display": "78.33", "missing_lines": 2249, "excluded_lines": 0, "num_branches": 3448, "num_partial_branches": 765, "covered_branches": 2299, "missing_branches": 1149}}