<?xml version="1.0" encoding="utf-8"?><testsuites><testsuite errors="0" failures="0" hostname="jenkins-vm" name="pytest" skipped="0" tests="26" time="97.910" timestamp="2020-08-18T13:49:06.671074"><testcase classname="workspace.soxspipe_feature_soxs-mbias.soxspipe.commonutils.tests.test_detector_lookup.test_detector_lookup" file="workspace/soxspipe_feature_soxs-mbias/soxspipe/commonutils/tests/test_detector_lookup.py" line="49" name="test_detector_lookup_function" time="0.020"></testcase><testcase classname="workspace.soxspipe_feature_soxs-mbias.soxspipe.commonutils.tests.test_detector_lookup.test_detector_lookup" file="workspace/soxspipe_feature_soxs-mbias/soxspipe/commonutils/tests/test_detector_lookup.py" line="100" name="test_detector_lookup_function_exception" time="0.001"></testcase><testcase classname="workspace.soxspipe_feature_soxs-mbias.soxspipe.commonutils.tests.test_detector_lookup.test_detector_lookup" file="workspace/soxspipe_feature_soxs-mbias/soxspipe/commonutils/tests/test_detector_lookup.py" line="87" name="test_detector_lookup_function_wrong_arm" time="0.007"></testcase><testcase classname="workspace.soxspipe_feature_soxs-mbias.soxspipe.commonutils.tests.test_detector_lookup.test_detector_lookup" file="workspace/soxspipe_feature_soxs-mbias/soxspipe/commonutils/tests/test_detector_lookup.py" line="59" name="test_detector_lookup_get_function" time="0.026"></testcase><testcase classname="workspace.soxspipe_feature_soxs-mbias.soxspipe.commonutils.tests.test_keyword_lookup.test_keyword_lookup" file="workspace/soxspipe_feature_soxs-mbias/soxspipe/commonutils/tests/test_keyword_lookup.py" line="48" name="test_keyword_dictionary_selection_function" time="0.169"></testcase><testcase classname="workspace.soxspipe_feature_soxs-mbias.soxspipe.commonutils.tests.test_keyword_lookup.test_keyword_lookup" file="workspace/soxspipe_feature_soxs-mbias/soxspipe/commonutils/tests/test_keyword_lookup.py" line="60" name="test_keyword_lookup_function" time="0.062"></testcase><testcase classname="workspace.soxspipe_feature_soxs-mbias.soxspipe.commonutils.tests.test_keyword_lookup.test_keyword_lookup" file="workspace/soxspipe_feature_soxs-mbias/soxspipe/commonutils/tests/test_keyword_lookup.py" line="76" name="test_keyword_lookup_function_exception" time="0.001"></testcase><testcase classname="workspace.soxspipe_feature_soxs-mbias.soxspipe.commonutils.tests.test_sof_of_files.test_set_of_files" file="workspace/soxspipe_feature_soxs-mbias/soxspipe/commonutils/tests/test_sof_of_files.py" line="47" name="test01_set_of_files_function" time="0.241"></testcase><testcase classname="workspace.soxspipe_feature_soxs-mbias.soxspipe.commonutils.tests.test_sof_of_files.test_set_of_files" file="workspace/soxspipe_feature_soxs-mbias/soxspipe/commonutils/tests/test_sof_of_files.py" line="130" name="test_set_of_files_function_exception" time="0.001"></testcase><testcase classname="workspace.soxspipe_feature_soxs-mbias.soxspipe.commonutils.tests.test_sof_of_files.test_set_of_files" file="workspace/soxspipe_feature_soxs-mbias/soxspipe/commonutils/tests/test_sof_of_files.py" line="62" name="test_sof_to_collection_from_directory_function" time="0.662"></testcase><testcase classname="workspace.soxspipe_feature_soxs-mbias.soxspipe.commonutils.tests.test_sof_of_files.test_set_of_files" file="workspace/soxspipe_feature_soxs-mbias/soxspipe/commonutils/tests/test_sof_of_files.py" line="92" name="test_sof_to_collection_from_list_of_fits_files_function" time="0.710"></testcase><testcase classname="workspace.soxspipe_feature_soxs-mbias.soxspipe.commonutils.tests.test_sof_of_files.test_set_of_files" file="workspace/soxspipe_feature_soxs-mbias/soxspipe/commonutils/tests/test_sof_of_files.py" line="77" name="test_sof_to_collection_from_sof_file_function" time="0.747"></testcase><testcase classname="workspace.soxspipe_feature_soxs-mbias.soxspipe.commonutils.tests.test_sof_of_files.test_set_of_files" file="workspace/soxspipe_feature_soxs-mbias/soxspipe/commonutils/tests/test_sof_of_files.py" line="115" name="test_validate_sof_frames_function" time="0.225"></testcase><testcase classname="workspace.soxspipe_feature_soxs-mbias.soxspipe.recipes.tests.test__base_recipe_.test__base_recipe_" file="workspace/soxspipe_feature_soxs-mbias/soxspipe/recipes/tests/test__base_recipe_.py" line="47" name="test__base_recipe__function" time="3.557"></testcase><testcase classname="workspace.soxspipe_feature_soxs-mbias.soxspipe.recipes.tests.test__base_recipe_.test__base_recipe_" file="workspace/soxspipe_feature_soxs-mbias/soxspipe/recipes/tests/test__base_recipe_.py" line="76" name="test__base_recipe__function_exception" time="0.001"></testcase><testcase classname="workspace.soxspipe_feature_soxs-mbias.soxspipe.recipes.tests.test_soxs_mbias.test_mbias" file="workspace/soxspipe_feature_soxs-mbias/soxspipe/recipes/tests/test_soxs_mbias.py" line="47" name="test_mbias_from_directory_function" time="9.286"></testcase><testcase classname="workspace.soxspipe_feature_soxs-mbias.soxspipe.recipes.tests.test_soxs_mbias.test_mbias" file="workspace/soxspipe_feature_soxs-mbias/soxspipe/recipes/tests/test_soxs_mbias.py" line="71" name="test_mbias_from_list_of_fits_function" time="9.276"></testcase><testcase classname="workspace.soxspipe_feature_soxs-mbias.soxspipe.recipes.tests.test_soxs_mbias.test_mbias" file="workspace/soxspipe_feature_soxs-mbias/soxspipe/recipes/tests/test_soxs_mbias.py" line="59" name="test_mbias_from_sof_function" time="9.338"></testcase><testcase classname="workspace.soxspipe_feature_soxs-mbias.soxspipe.recipes.tests.test_soxs_mbias.test_mbias" file="workspace/soxspipe_feature_soxs-mbias/soxspipe/recipes/tests/test_soxs_mbias.py" line="166" name="test_mbias_function_exception" time="0.001"></testcase><testcase classname="workspace.soxspipe_feature_soxs-mbias.soxspipe.recipes.tests.test_soxs_mbias.test_mbias" file="workspace/soxspipe_feature_soxs-mbias/soxspipe/recipes/tests/test_soxs_mbias.py" line="150" name="test_mbias_mixed_binning_exception" time="0.858"></testcase><testcase classname="workspace.soxspipe_feature_soxs-mbias.soxspipe.recipes.tests.test_soxs_mbias.test_mbias" file="workspace/soxspipe_feature_soxs-mbias/soxspipe/recipes/tests/test_soxs_mbias.py" line="118" name="test_mbias_mixed_image_type_exception" time="3.305"></testcase><testcase classname="workspace.soxspipe_feature_soxs-mbias.soxspipe.recipes.tests.test_soxs_mbias.test_mbias" file="workspace/soxspipe_feature_soxs-mbias/soxspipe/recipes/tests/test_soxs_mbias.py" line="134" name="test_mbias_wrong_image_type_exception" time="0.423"></testcase><testcase classname="workspace.soxspipe_feature_soxs-mbias.soxspipe.recipes.tests.test_soxs_mbias.test_mbias" file="workspace/soxspipe_feature_soxs-mbias/soxspipe/recipes/tests/test_soxs_mbias.py" line="95" name="test_produce_product_function" time="55.907"></testcase><testcase classname="workspace.soxspipe_feature_soxs-mbias.soxspipe.recipes.tests.test_soxs_mdark.test_soxs_mdark" file="workspace/soxspipe_feature_soxs-mbias/soxspipe/recipes/tests/test_soxs_mdark.py" line="47" name="test_soxs_mdark_from_directory_function" time="0.001"></testcase><testcase classname="workspace.soxspipe_feature_soxs-mbias.soxspipe.recipes.tests.test_soxs_mdark.test_soxs_mdark" file="workspace/soxspipe_feature_soxs-mbias/soxspipe/recipes/tests/test_soxs_mdark.py" line="67" name="test_soxs_mdark_function_exception" time="0.001"></testcase><testcase classname="workspace.soxspipe_feature_soxs-mbias.soxspipe.tests.test_cl_utils.test_cl_utils" file="workspace/soxspipe_feature_soxs-mbias/soxspipe/tests/test_cl_utils.py" line="46" name="test_init" time="0.081"></testcase></testsuite></testsuites>