<?xml version="1.0" encoding="utf-8"?><testsuites><testsuite errors="0" failures="0" hostname="jenkins-vm" name="pytest" skipped="0" tests="40" time="647.693" timestamp="2020-09-15T11:39:45.228435"><testcase classname="workspace.soxspipe_feature_order_centre.soxspipe.commonutils.tests.test_create_dispersion_map.test_create_dispersion_map" file="workspace/soxspipe_feature_order_centre/soxspipe/commonutils/tests/test_create_dispersion_map.py" line="67" name="test_create_dispersion_map_function_exception" time="0.001"></testcase><testcase classname="workspace.soxspipe_feature_order_centre.soxspipe.commonutils.tests.test_create_dispersion_map.test_create_dispersion_map" file="workspace/soxspipe_feature_order_centre/soxspipe/commonutils/tests/test_create_dispersion_map.py" line="51" name="test_create_dispersion_map_single_nir_function" time="18.061"></testcase><testcase classname="workspace.soxspipe_feature_order_centre.soxspipe.commonutils.tests.test_detect_continuum.test_detect_continuum" file="workspace/soxspipe_feature_order_centre/soxspipe/commonutils/tests/test_detect_continuum.py" line="51" name="test_detect_continuum_function" time="74.098"></testcase><testcase classname="workspace.soxspipe_feature_order_centre.soxspipe.commonutils.tests.test_detect_continuum.test_detect_continuum" file="workspace/soxspipe_feature_order_centre/soxspipe/commonutils/tests/test_detect_continuum.py" line="69" name="test_detect_continuum_function_exception" time="0.001"></testcase><testcase classname="workspace.soxspipe_feature_order_centre.soxspipe.commonutils.tests.test_detector_lookup.test_detector_lookup" file="workspace/soxspipe_feature_order_centre/soxspipe/commonutils/tests/test_detector_lookup.py" line="49" name="test_detector_lookup_function" time="0.053"></testcase><testcase classname="workspace.soxspipe_feature_order_centre.soxspipe.commonutils.tests.test_detector_lookup.test_detector_lookup" file="workspace/soxspipe_feature_order_centre/soxspipe/commonutils/tests/test_detector_lookup.py" line="100" name="test_detector_lookup_function_exception" time="0.001"></testcase><testcase classname="workspace.soxspipe_feature_order_centre.soxspipe.commonutils.tests.test_detector_lookup.test_detector_lookup" file="workspace/soxspipe_feature_order_centre/soxspipe/commonutils/tests/test_detector_lookup.py" line="87" name="test_detector_lookup_function_wrong_arm" time="0.020"></testcase><testcase classname="workspace.soxspipe_feature_order_centre.soxspipe.commonutils.tests.test_detector_lookup.test_detector_lookup" file="workspace/soxspipe_feature_order_centre/soxspipe/commonutils/tests/test_detector_lookup.py" line="59" name="test_detector_lookup_get_function" time="0.082"></testcase><testcase classname="workspace.soxspipe_feature_order_centre.soxspipe.commonutils.tests.test_keyword_lookup.test_keyword_lookup" file="workspace/soxspipe_feature_order_centre/soxspipe/commonutils/tests/test_keyword_lookup.py" line="48" name="test_keyword_dictionary_selection_function" time="0.127"></testcase><testcase classname="workspace.soxspipe_feature_order_centre.soxspipe.commonutils.tests.test_keyword_lookup.test_keyword_lookup" file="workspace/soxspipe_feature_order_centre/soxspipe/commonutils/tests/test_keyword_lookup.py" line="60" name="test_keyword_lookup_function" time="0.065"></testcase><testcase classname="workspace.soxspipe_feature_order_centre.soxspipe.commonutils.tests.test_keyword_lookup.test_keyword_lookup" file="workspace/soxspipe_feature_order_centre/soxspipe/commonutils/tests/test_keyword_lookup.py" line="76" name="test_keyword_lookup_function_exception" time="0.001"></testcase><testcase classname="workspace.soxspipe_feature_order_centre.soxspipe.commonutils.tests.test_sof_of_files.test_set_of_files" file="workspace/soxspipe_feature_order_centre/soxspipe/commonutils/tests/test_sof_of_files.py" line="47" name="test01_set_of_files_function" time="0.317"></testcase><testcase classname="workspace.soxspipe_feature_order_centre.soxspipe.commonutils.tests.test_sof_of_files.test_set_of_files" file="workspace/soxspipe_feature_order_centre/soxspipe/commonutils/tests/test_sof_of_files.py" line="130" name="test_set_of_files_function_exception" time="0.001"></testcase><testcase classname="workspace.soxspipe_feature_order_centre.soxspipe.commonutils.tests.test_sof_of_files.test_set_of_files" file="workspace/soxspipe_feature_order_centre/soxspipe/commonutils/tests/test_sof_of_files.py" line="62" name="test_sof_to_collection_from_directory_function" time="0.673"></testcase><testcase classname="workspace.soxspipe_feature_order_centre.soxspipe.commonutils.tests.test_sof_of_files.test_set_of_files" file="workspace/soxspipe_feature_order_centre/soxspipe/commonutils/tests/test_sof_of_files.py" line="92" name="test_sof_to_collection_from_list_of_fits_files_function" time="0.628"></testcase><testcase classname="workspace.soxspipe_feature_order_centre.soxspipe.commonutils.tests.test_sof_of_files.test_set_of_files" file="workspace/soxspipe_feature_order_centre/soxspipe/commonutils/tests/test_sof_of_files.py" line="77" name="test_sof_to_collection_from_sof_file_function" time="0.633"></testcase><testcase classname="workspace.soxspipe_feature_order_centre.soxspipe.commonutils.tests.test_sof_of_files.test_set_of_files" file="workspace/soxspipe_feature_order_centre/soxspipe/commonutils/tests/test_sof_of_files.py" line="115" name="test_validate_sof_frames_function" time="0.223"></testcase><testcase classname="workspace.soxspipe_feature_order_centre.soxspipe.recipes.tests.test__base_recipe_.test__base_recipe_" file="workspace/soxspipe_feature_order_centre/soxspipe/recipes/tests/test__base_recipe_.py" line="47" name="test__base_recipe__function" time="3.969"></testcase><testcase classname="workspace.soxspipe_feature_order_centre.soxspipe.recipes.tests.test__base_recipe_.test__base_recipe_" file="workspace/soxspipe_feature_order_centre/soxspipe/recipes/tests/test__base_recipe_.py" line="76" name="test__base_recipe__function_exception" time="0.001"></testcase><testcase classname="workspace.soxspipe_feature_order_centre.soxspipe.recipes.tests.test_soxs_disp_solution.test_soxs_disp_solution" file="workspace/soxspipe_feature_order_centre/soxspipe/recipes/tests/test_soxs_disp_solution.py" line="87" name="test_soxs_disp_solution_function_exception" time="0.515"></testcase><testcase classname="workspace.soxspipe_feature_order_centre.soxspipe.recipes.tests.test_soxs_disp_solution.test_soxs_disp_solution" file="workspace/soxspipe_feature_order_centre/soxspipe/recipes/tests/test_soxs_disp_solution.py" line="48" name="test_soxs_disp_solution_nir_function" time="21.246"></testcase><testcase classname="workspace.soxspipe_feature_order_centre.soxspipe.recipes.tests.test_soxs_disp_solution.test_soxs_disp_solution" file="workspace/soxspipe_feature_order_centre/soxspipe/recipes/tests/test_soxs_disp_solution.py" line="57" name="test_soxs_disp_solution_uvb_function" time="27.613"></testcase><testcase classname="workspace.soxspipe_feature_order_centre.soxspipe.recipes.tests.test_soxs_disp_solution.test_soxs_disp_solution" file="workspace/soxspipe_feature_order_centre/soxspipe/recipes/tests/test_soxs_disp_solution.py" line="67" name="test_soxs_disp_solution_vis_function" time="28.645"></testcase><testcase classname="workspace.soxspipe_feature_order_centre.soxspipe.recipes.tests.test_soxs_mbias.test_mbias" file="workspace/soxspipe_feature_order_centre/soxspipe/recipes/tests/test_soxs_mbias.py" line="47" name="test_mbias_from_directory_function" time="9.229"></testcase><testcase classname="workspace.soxspipe_feature_order_centre.soxspipe.recipes.tests.test_soxs_mbias.test_mbias" file="workspace/soxspipe_feature_order_centre/soxspipe/recipes/tests/test_soxs_mbias.py" line="71" name="test_mbias_from_list_of_fits_function" time="9.824"></testcase><testcase classname="workspace.soxspipe_feature_order_centre.soxspipe.recipes.tests.test_soxs_mbias.test_mbias" file="workspace/soxspipe_feature_order_centre/soxspipe/recipes/tests/test_soxs_mbias.py" line="59" name="test_mbias_from_sof_function" time="9.396"></testcase><testcase classname="workspace.soxspipe_feature_order_centre.soxspipe.recipes.tests.test_soxs_mbias.test_mbias" file="workspace/soxspipe_feature_order_centre/soxspipe/recipes/tests/test_soxs_mbias.py" line="166" name="test_mbias_function_exception" time="0.001"></testcase><testcase classname="workspace.soxspipe_feature_order_centre.soxspipe.recipes.tests.test_soxs_mbias.test_mbias" file="workspace/soxspipe_feature_order_centre/soxspipe/recipes/tests/test_soxs_mbias.py" line="150" name="test_mbias_mixed_binning_exception" time="0.732"></testcase><testcase classname="workspace.soxspipe_feature_order_centre.soxspipe.recipes.tests.test_soxs_mbias.test_mbias" file="workspace/soxspipe_feature_order_centre/soxspipe/recipes/tests/test_soxs_mbias.py" line="118" name="test_mbias_mixed_image_type_exception" time="2.922"></testcase><testcase classname="workspace.soxspipe_feature_order_centre.soxspipe.recipes.tests.test_soxs_mbias.test_mbias" file="workspace/soxspipe_feature_order_centre/soxspipe/recipes/tests/test_soxs_mbias.py" line="134" name="test_mbias_wrong_image_type_exception" time="0.112"></testcase><testcase classname="workspace.soxspipe_feature_order_centre.soxspipe.recipes.tests.test_soxs_mbias.test_mbias" file="workspace/soxspipe_feature_order_centre/soxspipe/recipes/tests/test_soxs_mbias.py" line="95" name="test_produce_product_function" time="64.130"></testcase><testcase classname="workspace.soxspipe_feature_order_centre.soxspipe.recipes.tests.test_soxs_mdark.test_soxs_mdark" file="workspace/soxspipe_feature_order_centre/soxspipe/recipes/tests/test_soxs_mdark.py" line="125" name="test_soxs_mdark_function_exception" time="0.549"></testcase><testcase classname="workspace.soxspipe_feature_order_centre.soxspipe.recipes.tests.test_soxs_mdark.test_soxs_mdark" file="workspace/soxspipe_feature_order_centre/soxspipe/recipes/tests/test_soxs_mdark.py" line="47" name="test_soxs_mdark_nir_function" time="23.106"></testcase><testcase classname="workspace.soxspipe_feature_order_centre.soxspipe.recipes.tests.test_soxs_mdark.test_soxs_mdark" file="workspace/soxspipe_feature_order_centre/soxspipe/recipes/tests/test_soxs_mdark.py" line="75" name="test_soxs_mdark_uvb_function" time="33.065"></testcase><testcase classname="workspace.soxspipe_feature_order_centre.soxspipe.recipes.tests.test_soxs_mdark.test_soxs_mdark" file="workspace/soxspipe_feature_order_centre/soxspipe/recipes/tests/test_soxs_mdark.py" line="95" name="test_soxs_mdark_vis_function" time="76.272"></testcase><testcase classname="workspace.soxspipe_feature_order_centre.soxspipe.recipes.tests.test_soxs_order_centres.test_soxs_order_centres" file="workspace/soxspipe_feature_order_centre/soxspipe/recipes/tests/test_soxs_order_centres.py" line="79" name="test_soxs_order_centres_function_exception" time="2.774"></testcase><testcase classname="workspace.soxspipe_feature_order_centre.soxspipe.recipes.tests.test_soxs_order_centres.test_soxs_order_centres" file="workspace/soxspipe_feature_order_centre/soxspipe/recipes/tests/test_soxs_order_centres.py" line="47" name="test_soxs_order_centres_nir_function" time="75.841"></testcase><testcase classname="workspace.soxspipe_feature_order_centre.soxspipe.recipes.tests.test_soxs_order_centres.test_soxs_order_centres" file="workspace/soxspipe_feature_order_centre/soxspipe/recipes/tests/test_soxs_order_centres.py" line="58" name="test_soxs_order_centres_uvb_function" time="66.314"></testcase><testcase classname="workspace.soxspipe_feature_order_centre.soxspipe.recipes.tests.test_soxs_order_centres.test_soxs_order_centres" file="workspace/soxspipe_feature_order_centre/soxspipe/recipes/tests/test_soxs_order_centres.py" line="69" name="test_soxs_order_centres_vis_function" time="91.118"></testcase><testcase classname="workspace.soxspipe_feature_order_centre.soxspipe.tests.test_cl_utils.test_cl_utils" file="workspace/soxspipe_feature_order_centre/soxspipe/tests/test_cl_utils.py" line="46" name="test_init" time="0.131"></testcase></testsuite></testsuites>